#! /usr/bin/vvp
:ivl_version "10.3 (stable)";
:ivl_delay_selection "TYPICAL";
:vpi_time_precision + 0;
:vpi_module "system";
:vpi_module "vhdl_sys";
:vpi_module "v2005_math";
:vpi_module "va_math";
S_0x7fffd1e80470 .scope module, "pcupdatetb" "pcupdatetb" 2 1;
 .timescale 0 0;
v0x7fffd1e973c0_0 .var "clk", 0 0;
v0x7fffd1e97480_0 .var "cnd", 0 0;
v0x7fffd1e97550_0 .var "icode", 3 0;
v0x7fffd1e97650_0 .net/s "pc", 63 0, v0x7fffd1e96dc0_0;  1 drivers
v0x7fffd1e97720_0 .var "status", 1 0;
v0x7fffd1e977c0_0 .var/s "valC", 63 0;
v0x7fffd1e97890_0 .var/s "valM", 63 0;
v0x7fffd1e97960_0 .var/s "valP", 63 0;
S_0x7fffd1e805f0 .scope module, "DUT1" "pcupdate" 2 14, 3 1 0, S_0x7fffd1e80470;
 .timescale 0 0;
    .port_info 0 /OUTPUT 64 "pc"
    .port_info 1 /INPUT 4 "icode"
    .port_info 2 /INPUT 1 "cnd"
    .port_info 3 /INPUT 64 "valC"
    .port_info 4 /INPUT 64 "valM"
    .port_info 5 /INPUT 64 "valP"
    .port_info 6 /INPUT 2 "status"
    .port_info 7 /INPUT 1 "clk"
v0x7fffd1e7cdc0_0 .net "clk", 0 0, v0x7fffd1e973c0_0;  1 drivers
v0x7fffd1e96c40_0 .net "cnd", 0 0, v0x7fffd1e97480_0;  1 drivers
v0x7fffd1e96d00_0 .net "icode", 3 0, v0x7fffd1e97550_0;  1 drivers
v0x7fffd1e96dc0_0 .var/s "pc", 63 0;
v0x7fffd1e96ea0_0 .net "status", 1 0, v0x7fffd1e97720_0;  1 drivers
v0x7fffd1e96fd0_0 .net/s "valC", 63 0, v0x7fffd1e977c0_0;  1 drivers
v0x7fffd1e970b0_0 .net/s "valM", 63 0, v0x7fffd1e97890_0;  1 drivers
v0x7fffd1e97190_0 .net/s "valP", 63 0, v0x7fffd1e97960_0;  1 drivers
E_0x7fffd1e7e5d0 .event posedge, v0x7fffd1e7cdc0_0;
    .scope S_0x7fffd1e805f0;
T_0 ;
    %pushi/vec4 0, 0, 64;
    %assign/vec4 v0x7fffd1e96dc0_0, 0;
    %end;
    .thread T_0;
    .scope S_0x7fffd1e805f0;
T_1 ;
    %wait E_0x7fffd1e7e5d0;
    %load/vec4 v0x7fffd1e96ea0_0;
    %cmpi/e 0, 0, 2;
    %jmp/0xz  T_1.0, 4;
    %load/vec4 v0x7fffd1e96d00_0;
    %cmpi/e 8, 0, 4;
    %flag_mov 8, 4;
    %jmp/0 T_1.2, 8;
    %load/vec4 v0x7fffd1e96fd0_0;
    %jmp/1 T_1.3, 8;
T_1.2 ; End of true expr.
    %load/vec4 v0x7fffd1e96d00_0;
    %cmpi/e 7, 0, 4;
    %flag_mov 9, 4;
    %jmp/0 T_1.4, 9;
    %load/vec4 v0x7fffd1e96c40_0;
    %flag_set/vec4 10;
    %jmp/0 T_1.6, 10;
    %load/vec4 v0x7fffd1e96fd0_0;
    %jmp/1 T_1.7, 10;
T_1.6 ; End of true expr.
    %load/vec4 v0x7fffd1e97190_0;
    %jmp/0 T_1.7, 10;
 ; End of false expr.
    %blend;
T_1.7;
    %jmp/1 T_1.5, 9;
T_1.4 ; End of true expr.
    %load/vec4 v0x7fffd1e96d00_0;
    %cmpi/e 9, 0, 4;
    %flag_mov 10, 4;
    %jmp/0 T_1.8, 10;
    %load/vec4 v0x7fffd1e970b0_0;
    %jmp/1 T_1.9, 10;
T_1.8 ; End of true expr.
    %load/vec4 v0x7fffd1e97190_0;
    %jmp/0 T_1.9, 10;
 ; End of false expr.
    %blend;
T_1.9;
    %jmp/0 T_1.5, 9;
 ; End of false expr.
    %blend;
T_1.5;
    %jmp/0 T_1.3, 8;
 ; End of false expr.
    %blend;
T_1.3;
    %assign/vec4 v0x7fffd1e96dc0_0, 0;
T_1.0 ;
    %jmp T_1;
    .thread T_1;
    .scope S_0x7fffd1e80470;
T_2 ;
    %vpi_call 2 19 "$dumpfile", "pcupdatetb.vcd" {0 0 0};
    %vpi_call 2 20 "$dumpvars", 32'sb00000000000000000000000000000000, S_0x7fffd1e805f0 {0 0 0};
    %pushi/vec4 0, 0, 1;
    %store/vec4 v0x7fffd1e973c0_0, 0, 1;
    %delay 5, 0;
    %pushi/vec4 6, 0, 4;
    %store/vec4 v0x7fffd1e97550_0, 0, 4;
    %pushi/vec4 7, 0, 64;
    %store/vec4 v0x7fffd1e97960_0, 0, 64;
    %pushi/vec4 0, 0, 2;
    %store/vec4 v0x7fffd1e97720_0, 0, 2;
    %load/vec4 v0x7fffd1e973c0_0;
    %inv;
    %store/vec4 v0x7fffd1e973c0_0, 0, 1;
    %delay 5, 0;
    %vpi_call 2 31 "$display", "new pc = %h", v0x7fffd1e97650_0 {0 0 0};
    %load/vec4 v0x7fffd1e973c0_0;
    %inv;
    %store/vec4 v0x7fffd1e973c0_0, 0, 1;
    %delay 5, 0;
    %pushi/vec4 8, 0, 4;
    %store/vec4 v0x7fffd1e97550_0, 0, 4;
    %pushi/vec4 64, 0, 64;
    %store/vec4 v0x7fffd1e977c0_0, 0, 64;
    %pushi/vec4 0, 0, 2;
    %store/vec4 v0x7fffd1e97720_0, 0, 2;
    %load/vec4 v0x7fffd1e973c0_0;
    %inv;
    %store/vec4 v0x7fffd1e973c0_0, 0, 1;
    %delay 5, 0;
    %vpi_call 2 42 "$display", "new pc = %h", v0x7fffd1e97650_0 {0 0 0};
    %load/vec4 v0x7fffd1e973c0_0;
    %inv;
    %store/vec4 v0x7fffd1e973c0_0, 0, 1;
    %delay 5, 0;
    %pushi/vec4 7, 0, 4;
    %store/vec4 v0x7fffd1e97550_0, 0, 4;
    %pushi/vec4 263, 0, 64;
    %store/vec4 v0x7fffd1e977c0_0, 0, 64;
    %pushi/vec4 0, 0, 2;
    %store/vec4 v0x7fffd1e97720_0, 0, 2;
    %pushi/vec4 1, 0, 1;
    %store/vec4 v0x7fffd1e97480_0, 0, 1;
    %pushi/vec4 9, 0, 64;
    %store/vec4 v0x7fffd1e97960_0, 0, 64;
    %load/vec4 v0x7fffd1e973c0_0;
    %inv;
    %store/vec4 v0x7fffd1e973c0_0, 0, 1;
    %delay 5, 0;
    %vpi_call 2 54 "$display", "new pc = %h", v0x7fffd1e97650_0 {0 0 0};
    %end;
    .thread T_2;
# The file index is used to find the file name in the following table.
:file_names 4;
    "N/A";
    "<interactive>";
    "pcupdatetb.v";
    "pcupdate.v";
