#! /usr/bin/vvp
:ivl_version "10.3 (stable)";
:ivl_delay_selection "TYPICAL";
:vpi_time_precision + 0;
:vpi_module "system";
:vpi_module "vhdl_sys";
:vpi_module "v2005_math";
:vpi_module "va_math";
S_0x558e3db68570 .scope module, "bit64xor_test" "bit64xor_test" 2 1;
 .timescale 0 0;
v0x558e3db9d2b0_0 .var/s "a", 63 0;
v0x558e3db9d370_0 .var/s "b", 63 0;
v0x558e3db9d440_0 .net/s "bitxor", 63 0, L_0x558e3dbb0cb0;  1 drivers
S_0x558e3db364c0 .scope module, "dut" "bit64xor" 2 7, 3 1 0, S_0x558e3db68570;
 .timescale 0 0;
    .port_info 0 /OUTPUT 64 "bitxor"
    .port_info 1 /INPUT 64 "a"
    .port_info 2 /INPUT 64 "b"
v0x558e3db99120_0 .net *"_s0", 0 0, L_0x558e3db49720;  1 drivers
v0x558e3db99220_0 .net *"_s100", 0 0, L_0x558e3dba2960;  1 drivers
v0x558e3db99300_0 .net *"_s104", 0 0, L_0x558e3dba2d90;  1 drivers
v0x558e3db993c0_0 .net *"_s108", 0 0, L_0x558e3dba31d0;  1 drivers
v0x558e3db994a0_0 .net *"_s112", 0 0, L_0x558e3dba3620;  1 drivers
v0x558e3db995d0_0 .net *"_s116", 0 0, L_0x558e3dba3a80;  1 drivers
v0x558e3db996b0_0 .net *"_s12", 0 0, L_0x558e3db9dce0;  1 drivers
v0x558e3db99790_0 .net *"_s120", 0 0, L_0x558e3dba3ef0;  1 drivers
v0x558e3db99870_0 .net *"_s124", 0 0, L_0x558e3dba4b90;  1 drivers
v0x558e3db99950_0 .net *"_s128", 0 0, L_0x558e3dba5020;  1 drivers
v0x558e3db99a30_0 .net *"_s132", 0 0, L_0x558e3dba54c0;  1 drivers
v0x558e3db99b10_0 .net *"_s136", 0 0, L_0x558e3dba5970;  1 drivers
v0x558e3db99bf0_0 .net *"_s140", 0 0, L_0x558e3dba5e30;  1 drivers
v0x558e3db99cd0_0 .net *"_s144", 0 0, L_0x558e3dba6300;  1 drivers
v0x558e3db99db0_0 .net *"_s148", 0 0, L_0x558e3dba67e0;  1 drivers
v0x558e3db99e90_0 .net *"_s152", 0 0, L_0x558e3dba6cd0;  1 drivers
v0x558e3db99f70_0 .net *"_s156", 0 0, L_0x558e3dba71d0;  1 drivers
v0x558e3db9a050_0 .net *"_s16", 0 0, L_0x558e3db9df30;  1 drivers
v0x558e3db9a130_0 .net *"_s160", 0 0, L_0x558e3dba76e0;  1 drivers
v0x558e3db9a210_0 .net *"_s164", 0 0, L_0x558e3dba7c00;  1 drivers
v0x558e3db9a2f0_0 .net *"_s168", 0 0, L_0x558e3dba8130;  1 drivers
v0x558e3db9a3d0_0 .net *"_s172", 0 0, L_0x558e3dba8670;  1 drivers
v0x558e3db9a4b0_0 .net *"_s176", 0 0, L_0x558e3dba8bc0;  1 drivers
v0x558e3db9a590_0 .net *"_s180", 0 0, L_0x558e3dba9120;  1 drivers
v0x558e3db9a670_0 .net *"_s184", 0 0, L_0x558e3dba9690;  1 drivers
v0x558e3db9a750_0 .net *"_s188", 0 0, L_0x558e3dba9c10;  1 drivers
v0x558e3db9a830_0 .net *"_s192", 0 0, L_0x558e3dbaa1a0;  1 drivers
v0x558e3db9a910_0 .net *"_s196", 0 0, L_0x558e3dbaa740;  1 drivers
v0x558e3db9a9f0_0 .net *"_s20", 0 0, L_0x558e3db9e210;  1 drivers
v0x558e3db9aad0_0 .net *"_s200", 0 0, L_0x558e3dbaacf0;  1 drivers
v0x558e3db9abb0_0 .net *"_s204", 0 0, L_0x558e3dbab2b0;  1 drivers
v0x558e3db9ac90_0 .net *"_s208", 0 0, L_0x558e3dbab880;  1 drivers
v0x558e3db9ad70_0 .net *"_s212", 0 0, L_0x558e3dbabe60;  1 drivers
v0x558e3db9b060_0 .net *"_s216", 0 0, L_0x558e3dbac450;  1 drivers
v0x558e3db9b140_0 .net *"_s220", 0 0, L_0x558e3dbaca50;  1 drivers
v0x558e3db9b220_0 .net *"_s224", 0 0, L_0x558e3dbad060;  1 drivers
v0x558e3db9b300_0 .net *"_s228", 0 0, L_0x558e3dbad680;  1 drivers
v0x558e3db9b3e0_0 .net *"_s232", 0 0, L_0x558e3dbadcb0;  1 drivers
v0x558e3db9b4c0_0 .net *"_s236", 0 0, L_0x558e3dbae2f0;  1 drivers
v0x558e3db9b5a0_0 .net *"_s24", 0 0, L_0x558e3db9e4b0;  1 drivers
v0x558e3db9b680_0 .net *"_s240", 0 0, L_0x558e3dbae940;  1 drivers
v0x558e3db9b760_0 .net *"_s244", 0 0, L_0x558e3dbaefa0;  1 drivers
v0x558e3db9b840_0 .net *"_s248", 0 0, L_0x558e3dbaf610;  1 drivers
v0x558e3db9b920_0 .net *"_s252", 0 0, L_0x558e3dbb2150;  1 drivers
v0x558e3db9ba00_0 .net *"_s28", 0 0, L_0x558e3db9e440;  1 drivers
v0x558e3db9bae0_0 .net *"_s32", 0 0, L_0x558e3db9ea50;  1 drivers
v0x558e3db9bbc0_0 .net *"_s36", 0 0, L_0x558e3db9ed70;  1 drivers
v0x558e3db9bca0_0 .net *"_s4", 0 0, L_0x558e3db4a2d0;  1 drivers
v0x558e3db9bd80_0 .net *"_s40", 0 0, L_0x558e3db9f0a0;  1 drivers
v0x558e3db9be60_0 .net *"_s44", 0 0, L_0x558e3db9f340;  1 drivers
v0x558e3db9bf40_0 .net *"_s48", 0 0, L_0x558e3db9f690;  1 drivers
v0x558e3db9c020_0 .net *"_s52", 0 0, L_0x558e3db9f9f0;  1 drivers
v0x558e3db9c100_0 .net *"_s56", 0 0, L_0x558e3db9fd60;  1 drivers
v0x558e3db9c1e0_0 .net *"_s60", 0 0, L_0x558e3dba02f0;  1 drivers
v0x558e3db9c2c0_0 .net *"_s64", 0 0, L_0x558e3dba0680;  1 drivers
v0x558e3db9c3a0_0 .net *"_s68", 0 0, L_0x558e3dba0a20;  1 drivers
v0x558e3db9c480_0 .net *"_s72", 0 0, L_0x558e3dba0dd0;  1 drivers
v0x558e3db9c560_0 .net *"_s76", 0 0, L_0x558e3dba1190;  1 drivers
v0x558e3db9c640_0 .net *"_s8", 0 0, L_0x558e3db9da10;  1 drivers
v0x558e3db9c720_0 .net *"_s80", 0 0, L_0x558e3dba1560;  1 drivers
v0x558e3db9c800_0 .net *"_s84", 0 0, L_0x558e3dba1940;  1 drivers
v0x558e3db9c8e0_0 .net *"_s88", 0 0, L_0x558e3dba1d30;  1 drivers
v0x558e3db9c9c0_0 .net *"_s92", 0 0, L_0x558e3dba2130;  1 drivers
v0x558e3db9caa0_0 .net *"_s96", 0 0, L_0x558e3dba2540;  1 drivers
v0x558e3db9cb80_0 .net/s "a", 63 0, v0x558e3db9d2b0_0;  1 drivers
v0x558e3db9d070_0 .net/s "b", 63 0, v0x558e3db9d370_0;  1 drivers
v0x558e3db9d150_0 .net/s "bitxor", 63 0, L_0x558e3dbb0cb0;  alias, 1 drivers
L_0x558e3db9d5d0 .part v0x558e3db9d2b0_0, 0, 1;
L_0x558e3db9d6c0 .part v0x558e3db9d370_0, 0, 1;
L_0x558e3db9d800 .part v0x558e3db9d2b0_0, 1, 1;
L_0x558e3db9d8f0 .part v0x558e3db9d370_0, 1, 1;
L_0x558e3db9da80 .part v0x558e3db9d2b0_0, 2, 1;
L_0x558e3db9db70 .part v0x558e3db9d370_0, 2, 1;
L_0x558e3db9dd50 .part v0x558e3db9d2b0_0, 3, 1;
L_0x558e3db9ddf0 .part v0x558e3db9d370_0, 3, 1;
L_0x558e3db9dfd0 .part v0x558e3db9d2b0_0, 4, 1;
L_0x558e3db9e0c0 .part v0x558e3db9d370_0, 4, 1;
L_0x558e3db9e2b0 .part v0x558e3db9d2b0_0, 5, 1;
L_0x558e3db9e350 .part v0x558e3db9d370_0, 5, 1;
L_0x558e3db9e550 .part v0x558e3db9d2b0_0, 6, 1;
L_0x558e3db9e640 .part v0x558e3db9d370_0, 6, 1;
L_0x558e3db9e7e0 .part v0x558e3db9d2b0_0, 7, 1;
L_0x558e3db9e8d0 .part v0x558e3db9d370_0, 7, 1;
L_0x558e3db9eaf0 .part v0x558e3db9d2b0_0, 8, 1;
L_0x558e3db9ebe0 .part v0x558e3db9d370_0, 8, 1;
L_0x558e3db9ee10 .part v0x558e3db9d2b0_0, 9, 1;
L_0x558e3db9ef00 .part v0x558e3db9d370_0, 9, 1;
L_0x558e3db9ecd0 .part v0x558e3db9d2b0_0, 10, 1;
L_0x558e3db9f190 .part v0x558e3db9d370_0, 10, 1;
L_0x558e3db9f3e0 .part v0x558e3db9d2b0_0, 11, 1;
L_0x558e3db9f4d0 .part v0x558e3db9d370_0, 11, 1;
L_0x558e3db9f730 .part v0x558e3db9d2b0_0, 12, 1;
L_0x558e3db9f820 .part v0x558e3db9d370_0, 12, 1;
L_0x558e3db9fa90 .part v0x558e3db9d2b0_0, 13, 1;
L_0x558e3db9fb80 .part v0x558e3db9d370_0, 13, 1;
L_0x558e3db9fe00 .part v0x558e3db9d2b0_0, 14, 1;
L_0x558e3db9fef0 .part v0x558e3db9d370_0, 14, 1;
L_0x558e3dba0390 .part v0x558e3db9d2b0_0, 15, 1;
L_0x558e3dba0480 .part v0x558e3db9d370_0, 15, 1;
L_0x558e3dba0720 .part v0x558e3db9d2b0_0, 16, 1;
L_0x558e3dba0810 .part v0x558e3db9d370_0, 16, 1;
L_0x558e3dba0ac0 .part v0x558e3db9d2b0_0, 17, 1;
L_0x558e3dba0bb0 .part v0x558e3db9d370_0, 17, 1;
L_0x558e3dba0e70 .part v0x558e3db9d2b0_0, 18, 1;
L_0x558e3dba0f60 .part v0x558e3db9d370_0, 18, 1;
L_0x558e3dba1230 .part v0x558e3db9d2b0_0, 19, 1;
L_0x558e3dba1320 .part v0x558e3db9d370_0, 19, 1;
L_0x558e3dba1600 .part v0x558e3db9d2b0_0, 20, 1;
L_0x558e3dba16f0 .part v0x558e3db9d370_0, 20, 1;
L_0x558e3dba19e0 .part v0x558e3db9d2b0_0, 21, 1;
L_0x558e3dba1ad0 .part v0x558e3db9d370_0, 21, 1;
L_0x558e3dba1dd0 .part v0x558e3db9d2b0_0, 22, 1;
L_0x558e3dba1ec0 .part v0x558e3db9d370_0, 22, 1;
L_0x558e3dba21d0 .part v0x558e3db9d2b0_0, 23, 1;
L_0x558e3dba22c0 .part v0x558e3db9d370_0, 23, 1;
L_0x558e3dba25e0 .part v0x558e3db9d2b0_0, 24, 1;
L_0x558e3dba26d0 .part v0x558e3db9d370_0, 24, 1;
L_0x558e3dba2a00 .part v0x558e3db9d2b0_0, 25, 1;
L_0x558e3dba2af0 .part v0x558e3db9d370_0, 25, 1;
L_0x558e3dba2e30 .part v0x558e3db9d2b0_0, 26, 1;
L_0x558e3dba2f20 .part v0x558e3db9d370_0, 26, 1;
L_0x558e3dba3270 .part v0x558e3db9d2b0_0, 27, 1;
L_0x558e3dba3360 .part v0x558e3db9d370_0, 27, 1;
L_0x558e3dba36c0 .part v0x558e3db9d2b0_0, 28, 1;
L_0x558e3dba37b0 .part v0x558e3db9d370_0, 28, 1;
L_0x558e3dba3b20 .part v0x558e3db9d2b0_0, 29, 1;
L_0x558e3dba3c10 .part v0x558e3db9d370_0, 29, 1;
L_0x558e3dba3f90 .part v0x558e3db9d2b0_0, 30, 1;
L_0x558e3dba4490 .part v0x558e3db9d370_0, 30, 1;
L_0x558e3dba4c30 .part v0x558e3db9d2b0_0, 31, 1;
L_0x558e3dba4d20 .part v0x558e3db9d370_0, 31, 1;
L_0x558e3dba50c0 .part v0x558e3db9d2b0_0, 32, 1;
L_0x558e3dba51b0 .part v0x558e3db9d370_0, 32, 1;
L_0x558e3dba5560 .part v0x558e3db9d2b0_0, 33, 1;
L_0x558e3dba5650 .part v0x558e3db9d370_0, 33, 1;
L_0x558e3dba5a10 .part v0x558e3db9d2b0_0, 34, 1;
L_0x558e3dba5b00 .part v0x558e3db9d370_0, 34, 1;
L_0x558e3dba5ed0 .part v0x558e3db9d2b0_0, 35, 1;
L_0x558e3dba5fc0 .part v0x558e3db9d370_0, 35, 1;
L_0x558e3dba63a0 .part v0x558e3db9d2b0_0, 36, 1;
L_0x558e3dba6490 .part v0x558e3db9d370_0, 36, 1;
L_0x558e3dba6880 .part v0x558e3db9d2b0_0, 37, 1;
L_0x558e3dba6970 .part v0x558e3db9d370_0, 37, 1;
L_0x558e3dba6d70 .part v0x558e3db9d2b0_0, 38, 1;
L_0x558e3dba6e60 .part v0x558e3db9d370_0, 38, 1;
L_0x558e3dba7270 .part v0x558e3db9d2b0_0, 39, 1;
L_0x558e3dba7360 .part v0x558e3db9d370_0, 39, 1;
L_0x558e3dba7780 .part v0x558e3db9d2b0_0, 40, 1;
L_0x558e3dba7870 .part v0x558e3db9d370_0, 40, 1;
L_0x558e3dba7ca0 .part v0x558e3db9d2b0_0, 41, 1;
L_0x558e3dba7d90 .part v0x558e3db9d370_0, 41, 1;
L_0x558e3dba81d0 .part v0x558e3db9d2b0_0, 42, 1;
L_0x558e3dba82c0 .part v0x558e3db9d370_0, 42, 1;
L_0x558e3dba8710 .part v0x558e3db9d2b0_0, 43, 1;
L_0x558e3dba8800 .part v0x558e3db9d370_0, 43, 1;
L_0x558e3dba8c60 .part v0x558e3db9d2b0_0, 44, 1;
L_0x558e3dba8d50 .part v0x558e3db9d370_0, 44, 1;
L_0x558e3dba91c0 .part v0x558e3db9d2b0_0, 45, 1;
L_0x558e3dba92b0 .part v0x558e3db9d370_0, 45, 1;
L_0x558e3dba9730 .part v0x558e3db9d2b0_0, 46, 1;
L_0x558e3dba9820 .part v0x558e3db9d370_0, 46, 1;
L_0x558e3dba9cb0 .part v0x558e3db9d2b0_0, 47, 1;
L_0x558e3dba9da0 .part v0x558e3db9d370_0, 47, 1;
L_0x558e3dbaa240 .part v0x558e3db9d2b0_0, 48, 1;
L_0x558e3dbaa330 .part v0x558e3db9d370_0, 48, 1;
L_0x558e3dbaa7e0 .part v0x558e3db9d2b0_0, 49, 1;
L_0x558e3dbaa8d0 .part v0x558e3db9d370_0, 49, 1;
L_0x558e3dbaad90 .part v0x558e3db9d2b0_0, 50, 1;
L_0x558e3dbaae80 .part v0x558e3db9d370_0, 50, 1;
L_0x558e3dbab350 .part v0x558e3db9d2b0_0, 51, 1;
L_0x558e3dbab440 .part v0x558e3db9d370_0, 51, 1;
L_0x558e3dbab920 .part v0x558e3db9d2b0_0, 52, 1;
L_0x558e3dbaba10 .part v0x558e3db9d370_0, 52, 1;
L_0x558e3dbabf00 .part v0x558e3db9d2b0_0, 53, 1;
L_0x558e3dbabff0 .part v0x558e3db9d370_0, 53, 1;
L_0x558e3dbac4f0 .part v0x558e3db9d2b0_0, 54, 1;
L_0x558e3dbac5e0 .part v0x558e3db9d370_0, 54, 1;
L_0x558e3dbacaf0 .part v0x558e3db9d2b0_0, 55, 1;
L_0x558e3dbacbe0 .part v0x558e3db9d370_0, 55, 1;
L_0x558e3dbad100 .part v0x558e3db9d2b0_0, 56, 1;
L_0x558e3dbad1f0 .part v0x558e3db9d370_0, 56, 1;
L_0x558e3dbad720 .part v0x558e3db9d2b0_0, 57, 1;
L_0x558e3dbad810 .part v0x558e3db9d370_0, 57, 1;
L_0x558e3dbadd50 .part v0x558e3db9d2b0_0, 58, 1;
L_0x558e3dbade40 .part v0x558e3db9d370_0, 58, 1;
L_0x558e3dbae390 .part v0x558e3db9d2b0_0, 59, 1;
L_0x558e3dbae480 .part v0x558e3db9d370_0, 59, 1;
L_0x558e3dbae9e0 .part v0x558e3db9d2b0_0, 60, 1;
L_0x558e3dbaead0 .part v0x558e3db9d370_0, 60, 1;
L_0x558e3dbaf040 .part v0x558e3db9d2b0_0, 61, 1;
L_0x558e3dbaf130 .part v0x558e3db9d370_0, 61, 1;
L_0x558e3dbaf6b0 .part v0x558e3db9d2b0_0, 62, 1;
L_0x558e3dbaffb0 .part v0x558e3db9d370_0, 62, 1;
LS_0x558e3dbb0cb0_0_0 .concat8 [ 1 1 1 1], L_0x558e3db49720, L_0x558e3db4a2d0, L_0x558e3db9da10, L_0x558e3db9dce0;
LS_0x558e3dbb0cb0_0_4 .concat8 [ 1 1 1 1], L_0x558e3db9df30, L_0x558e3db9e210, L_0x558e3db9e4b0, L_0x558e3db9e440;
LS_0x558e3dbb0cb0_0_8 .concat8 [ 1 1 1 1], L_0x558e3db9ea50, L_0x558e3db9ed70, L_0x558e3db9f0a0, L_0x558e3db9f340;
LS_0x558e3dbb0cb0_0_12 .concat8 [ 1 1 1 1], L_0x558e3db9f690, L_0x558e3db9f9f0, L_0x558e3db9fd60, L_0x558e3dba02f0;
LS_0x558e3dbb0cb0_0_16 .concat8 [ 1 1 1 1], L_0x558e3dba0680, L_0x558e3dba0a20, L_0x558e3dba0dd0, L_0x558e3dba1190;
LS_0x558e3dbb0cb0_0_20 .concat8 [ 1 1 1 1], L_0x558e3dba1560, L_0x558e3dba1940, L_0x558e3dba1d30, L_0x558e3dba2130;
LS_0x558e3dbb0cb0_0_24 .concat8 [ 1 1 1 1], L_0x558e3dba2540, L_0x558e3dba2960, L_0x558e3dba2d90, L_0x558e3dba31d0;
LS_0x558e3dbb0cb0_0_28 .concat8 [ 1 1 1 1], L_0x558e3dba3620, L_0x558e3dba3a80, L_0x558e3dba3ef0, L_0x558e3dba4b90;
LS_0x558e3dbb0cb0_0_32 .concat8 [ 1 1 1 1], L_0x558e3dba5020, L_0x558e3dba54c0, L_0x558e3dba5970, L_0x558e3dba5e30;
LS_0x558e3dbb0cb0_0_36 .concat8 [ 1 1 1 1], L_0x558e3dba6300, L_0x558e3dba67e0, L_0x558e3dba6cd0, L_0x558e3dba71d0;
LS_0x558e3dbb0cb0_0_40 .concat8 [ 1 1 1 1], L_0x558e3dba76e0, L_0x558e3dba7c00, L_0x558e3dba8130, L_0x558e3dba8670;
LS_0x558e3dbb0cb0_0_44 .concat8 [ 1 1 1 1], L_0x558e3dba8bc0, L_0x558e3dba9120, L_0x558e3dba9690, L_0x558e3dba9c10;
LS_0x558e3dbb0cb0_0_48 .concat8 [ 1 1 1 1], L_0x558e3dbaa1a0, L_0x558e3dbaa740, L_0x558e3dbaacf0, L_0x558e3dbab2b0;
LS_0x558e3dbb0cb0_0_52 .concat8 [ 1 1 1 1], L_0x558e3dbab880, L_0x558e3dbabe60, L_0x558e3dbac450, L_0x558e3dbaca50;
LS_0x558e3dbb0cb0_0_56 .concat8 [ 1 1 1 1], L_0x558e3dbad060, L_0x558e3dbad680, L_0x558e3dbadcb0, L_0x558e3dbae2f0;
LS_0x558e3dbb0cb0_0_60 .concat8 [ 1 1 1 1], L_0x558e3dbae940, L_0x558e3dbaefa0, L_0x558e3dbaf610, L_0x558e3dbb2150;
LS_0x558e3dbb0cb0_1_0 .concat8 [ 4 4 4 4], LS_0x558e3dbb0cb0_0_0, LS_0x558e3dbb0cb0_0_4, LS_0x558e3dbb0cb0_0_8, LS_0x558e3dbb0cb0_0_12;
LS_0x558e3dbb0cb0_1_4 .concat8 [ 4 4 4 4], LS_0x558e3dbb0cb0_0_16, LS_0x558e3dbb0cb0_0_20, LS_0x558e3dbb0cb0_0_24, LS_0x558e3dbb0cb0_0_28;
LS_0x558e3dbb0cb0_1_8 .concat8 [ 4 4 4 4], LS_0x558e3dbb0cb0_0_32, LS_0x558e3dbb0cb0_0_36, LS_0x558e3dbb0cb0_0_40, LS_0x558e3dbb0cb0_0_44;
LS_0x558e3dbb0cb0_1_12 .concat8 [ 4 4 4 4], LS_0x558e3dbb0cb0_0_48, LS_0x558e3dbb0cb0_0_52, LS_0x558e3dbb0cb0_0_56, LS_0x558e3dbb0cb0_0_60;
L_0x558e3dbb0cb0 .concat8 [ 16 16 16 16], LS_0x558e3dbb0cb0_1_0, LS_0x558e3dbb0cb0_1_4, LS_0x558e3dbb0cb0_1_8, LS_0x558e3dbb0cb0_1_12;
L_0x558e3dbb2210 .part v0x558e3db9d2b0_0, 63, 1;
L_0x558e3dbb2710 .part v0x558e3db9d370_0, 63, 1;
S_0x558e3db36640 .scope generate, "genblk1[0]" "genblk1[0]" 3 11, 3 11 0, S_0x558e3db364c0;
 .timescale 0 0;
P_0x558e3db4eff0 .param/l "i" 0 3 11, +C4<00>;
L_0x558e3db49720 .functor XOR 1, L_0x558e3db9d5d0, L_0x558e3db9d6c0, C4<0>, C4<0>;
v0x558e3db4ba30_0 .net *"_s0", 0 0, L_0x558e3db9d5d0;  1 drivers
v0x558e3db4ae80_0 .net *"_s1", 0 0, L_0x558e3db9d6c0;  1 drivers
S_0x558e3db87720 .scope generate, "genblk1[1]" "genblk1[1]" 3 11, 3 11 0, S_0x558e3db364c0;
 .timescale 0 0;
P_0x558e3db4a9d0 .param/l "i" 0 3 11, +C4<01>;
L_0x558e3db4a2d0 .functor XOR 1, L_0x558e3db9d800, L_0x558e3db9d8f0, C4<0>, C4<0>;
v0x558e3db44550_0 .net *"_s0", 0 0, L_0x558e3db9d800;  1 drivers
v0x558e3db3ad60_0 .net *"_s1", 0 0, L_0x558e3db9d8f0;  1 drivers
S_0x558e3db879d0 .scope generate, "genblk1[2]" "genblk1[2]" 3 11, 3 11 0, S_0x558e3db364c0;
 .timescale 0 0;
P_0x558e3db4c130 .param/l "i" 0 3 11, +C4<010>;
L_0x558e3db9da10 .functor XOR 1, L_0x558e3db9da80, L_0x558e3db9db70, C4<0>, C4<0>;
v0x558e3db3a1b0_0 .net *"_s0", 0 0, L_0x558e3db9da80;  1 drivers
v0x558e3db39620_0 .net *"_s1", 0 0, L_0x558e3db9db70;  1 drivers
S_0x558e3db87c60 .scope generate, "genblk1[3]" "genblk1[3]" 3 11, 3 11 0, S_0x558e3db364c0;
 .timescale 0 0;
P_0x558e3db4d890 .param/l "i" 0 3 11, +C4<011>;
L_0x558e3db9dce0 .functor XOR 1, L_0x558e3db9dd50, L_0x558e3db9ddf0, C4<0>, C4<0>;
v0x558e3db345a0_0 .net *"_s0", 0 0, L_0x558e3db9dd50;  1 drivers
v0x558e3db87ed0_0 .net *"_s1", 0 0, L_0x558e3db9ddf0;  1 drivers
S_0x558e3db87fb0 .scope generate, "genblk1[4]" "genblk1[4]" 3 11, 3 11 0, S_0x558e3db364c0;
 .timescale 0 0;
P_0x558e3db881a0 .param/l "i" 0 3 11, +C4<0100>;
L_0x558e3db9df30 .functor XOR 1, L_0x558e3db9dfd0, L_0x558e3db9e0c0, C4<0>, C4<0>;
v0x558e3db88280_0 .net *"_s0", 0 0, L_0x558e3db9dfd0;  1 drivers
v0x558e3db88360_0 .net *"_s1", 0 0, L_0x558e3db9e0c0;  1 drivers
S_0x558e3db88440 .scope generate, "genblk1[5]" "genblk1[5]" 3 11, 3 11 0, S_0x558e3db364c0;
 .timescale 0 0;
P_0x558e3db88630 .param/l "i" 0 3 11, +C4<0101>;
L_0x558e3db9e210 .functor XOR 1, L_0x558e3db9e2b0, L_0x558e3db9e350, C4<0>, C4<0>;
v0x558e3db88710_0 .net *"_s0", 0 0, L_0x558e3db9e2b0;  1 drivers
v0x558e3db887f0_0 .net *"_s1", 0 0, L_0x558e3db9e350;  1 drivers
S_0x558e3db888d0 .scope generate, "genblk1[6]" "genblk1[6]" 3 11, 3 11 0, S_0x558e3db364c0;
 .timescale 0 0;
P_0x558e3db88ac0 .param/l "i" 0 3 11, +C4<0110>;
L_0x558e3db9e4b0 .functor XOR 1, L_0x558e3db9e550, L_0x558e3db9e640, C4<0>, C4<0>;
v0x558e3db88ba0_0 .net *"_s0", 0 0, L_0x558e3db9e550;  1 drivers
v0x558e3db88c80_0 .net *"_s1", 0 0, L_0x558e3db9e640;  1 drivers
S_0x558e3db88d60 .scope generate, "genblk1[7]" "genblk1[7]" 3 11, 3 11 0, S_0x558e3db364c0;
 .timescale 0 0;
P_0x558e3db88f50 .param/l "i" 0 3 11, +C4<0111>;
L_0x558e3db9e440 .functor XOR 1, L_0x558e3db9e7e0, L_0x558e3db9e8d0, C4<0>, C4<0>;
v0x558e3db89030_0 .net *"_s0", 0 0, L_0x558e3db9e7e0;  1 drivers
v0x558e3db89110_0 .net *"_s1", 0 0, L_0x558e3db9e8d0;  1 drivers
S_0x558e3db891f0 .scope generate, "genblk1[8]" "genblk1[8]" 3 11, 3 11 0, S_0x558e3db364c0;
 .timescale 0 0;
P_0x558e3db88150 .param/l "i" 0 3 11, +C4<01000>;
L_0x558e3db9ea50 .functor XOR 1, L_0x558e3db9eaf0, L_0x558e3db9ebe0, C4<0>, C4<0>;
v0x558e3db89470_0 .net *"_s0", 0 0, L_0x558e3db9eaf0;  1 drivers
v0x558e3db89550_0 .net *"_s1", 0 0, L_0x558e3db9ebe0;  1 drivers
S_0x558e3db89630 .scope generate, "genblk1[9]" "genblk1[9]" 3 11, 3 11 0, S_0x558e3db364c0;
 .timescale 0 0;
P_0x558e3db89820 .param/l "i" 0 3 11, +C4<01001>;
L_0x558e3db9ed70 .functor XOR 1, L_0x558e3db9ee10, L_0x558e3db9ef00, C4<0>, C4<0>;
v0x558e3db89900_0 .net *"_s0", 0 0, L_0x558e3db9ee10;  1 drivers
v0x558e3db899e0_0 .net *"_s1", 0 0, L_0x558e3db9ef00;  1 drivers
S_0x558e3db89ac0 .scope generate, "genblk1[10]" "genblk1[10]" 3 11, 3 11 0, S_0x558e3db364c0;
 .timescale 0 0;
P_0x558e3db89cb0 .param/l "i" 0 3 11, +C4<01010>;
L_0x558e3db9f0a0 .functor XOR 1, L_0x558e3db9ecd0, L_0x558e3db9f190, C4<0>, C4<0>;
v0x558e3db89d90_0 .net *"_s0", 0 0, L_0x558e3db9ecd0;  1 drivers
v0x558e3db89e70_0 .net *"_s1", 0 0, L_0x558e3db9f190;  1 drivers
S_0x558e3db89f50 .scope generate, "genblk1[11]" "genblk1[11]" 3 11, 3 11 0, S_0x558e3db364c0;
 .timescale 0 0;
P_0x558e3db8a140 .param/l "i" 0 3 11, +C4<01011>;
L_0x558e3db9f340 .functor XOR 1, L_0x558e3db9f3e0, L_0x558e3db9f4d0, C4<0>, C4<0>;
v0x558e3db8a220_0 .net *"_s0", 0 0, L_0x558e3db9f3e0;  1 drivers
v0x558e3db8a300_0 .net *"_s1", 0 0, L_0x558e3db9f4d0;  1 drivers
S_0x558e3db8a3e0 .scope generate, "genblk1[12]" "genblk1[12]" 3 11, 3 11 0, S_0x558e3db364c0;
 .timescale 0 0;
P_0x558e3db8a5d0 .param/l "i" 0 3 11, +C4<01100>;
L_0x558e3db9f690 .functor XOR 1, L_0x558e3db9f730, L_0x558e3db9f820, C4<0>, C4<0>;
v0x558e3db8a6b0_0 .net *"_s0", 0 0, L_0x558e3db9f730;  1 drivers
v0x558e3db8a790_0 .net *"_s1", 0 0, L_0x558e3db9f820;  1 drivers
S_0x558e3db8a870 .scope generate, "genblk1[13]" "genblk1[13]" 3 11, 3 11 0, S_0x558e3db364c0;
 .timescale 0 0;
P_0x558e3db8aa60 .param/l "i" 0 3 11, +C4<01101>;
L_0x558e3db9f9f0 .functor XOR 1, L_0x558e3db9fa90, L_0x558e3db9fb80, C4<0>, C4<0>;
v0x558e3db8ab40_0 .net *"_s0", 0 0, L_0x558e3db9fa90;  1 drivers
v0x558e3db8ac20_0 .net *"_s1", 0 0, L_0x558e3db9fb80;  1 drivers
S_0x558e3db8ad00 .scope generate, "genblk1[14]" "genblk1[14]" 3 11, 3 11 0, S_0x558e3db364c0;
 .timescale 0 0;
P_0x558e3db8aef0 .param/l "i" 0 3 11, +C4<01110>;
L_0x558e3db9fd60 .functor XOR 1, L_0x558e3db9fe00, L_0x558e3db9fef0, C4<0>, C4<0>;
v0x558e3db8afd0_0 .net *"_s0", 0 0, L_0x558e3db9fe00;  1 drivers
v0x558e3db8b0b0_0 .net *"_s1", 0 0, L_0x558e3db9fef0;  1 drivers
S_0x558e3db8b190 .scope generate, "genblk1[15]" "genblk1[15]" 3 11, 3 11 0, S_0x558e3db364c0;
 .timescale 0 0;
P_0x558e3db8b380 .param/l "i" 0 3 11, +C4<01111>;
L_0x558e3dba02f0 .functor XOR 1, L_0x558e3dba0390, L_0x558e3dba0480, C4<0>, C4<0>;
v0x558e3db8b460_0 .net *"_s0", 0 0, L_0x558e3dba0390;  1 drivers
v0x558e3db8b540_0 .net *"_s1", 0 0, L_0x558e3dba0480;  1 drivers
S_0x558e3db8b620 .scope generate, "genblk1[16]" "genblk1[16]" 3 11, 3 11 0, S_0x558e3db364c0;
 .timescale 0 0;
P_0x558e3db8b810 .param/l "i" 0 3 11, +C4<010000>;
L_0x558e3dba0680 .functor XOR 1, L_0x558e3dba0720, L_0x558e3dba0810, C4<0>, C4<0>;
v0x558e3db8b8f0_0 .net *"_s0", 0 0, L_0x558e3dba0720;  1 drivers
v0x558e3db8b9d0_0 .net *"_s1", 0 0, L_0x558e3dba0810;  1 drivers
S_0x558e3db8bab0 .scope generate, "genblk1[17]" "genblk1[17]" 3 11, 3 11 0, S_0x558e3db364c0;
 .timescale 0 0;
P_0x558e3db8bca0 .param/l "i" 0 3 11, +C4<010001>;
L_0x558e3dba0a20 .functor XOR 1, L_0x558e3dba0ac0, L_0x558e3dba0bb0, C4<0>, C4<0>;
v0x558e3db8bd80_0 .net *"_s0", 0 0, L_0x558e3dba0ac0;  1 drivers
v0x558e3db8be60_0 .net *"_s1", 0 0, L_0x558e3dba0bb0;  1 drivers
S_0x558e3db8bf40 .scope generate, "genblk1[18]" "genblk1[18]" 3 11, 3 11 0, S_0x558e3db364c0;
 .timescale 0 0;
P_0x558e3db8c130 .param/l "i" 0 3 11, +C4<010010>;
L_0x558e3dba0dd0 .functor XOR 1, L_0x558e3dba0e70, L_0x558e3dba0f60, C4<0>, C4<0>;
v0x558e3db8c210_0 .net *"_s0", 0 0, L_0x558e3dba0e70;  1 drivers
v0x558e3db8c2f0_0 .net *"_s1", 0 0, L_0x558e3dba0f60;  1 drivers
S_0x558e3db8c3d0 .scope generate, "genblk1[19]" "genblk1[19]" 3 11, 3 11 0, S_0x558e3db364c0;
 .timescale 0 0;
P_0x558e3db8c5c0 .param/l "i" 0 3 11, +C4<010011>;
L_0x558e3dba1190 .functor XOR 1, L_0x558e3dba1230, L_0x558e3dba1320, C4<0>, C4<0>;
v0x558e3db8c6a0_0 .net *"_s0", 0 0, L_0x558e3dba1230;  1 drivers
v0x558e3db8c780_0 .net *"_s1", 0 0, L_0x558e3dba1320;  1 drivers
S_0x558e3db8c860 .scope generate, "genblk1[20]" "genblk1[20]" 3 11, 3 11 0, S_0x558e3db364c0;
 .timescale 0 0;
P_0x558e3db8ca50 .param/l "i" 0 3 11, +C4<010100>;
L_0x558e3dba1560 .functor XOR 1, L_0x558e3dba1600, L_0x558e3dba16f0, C4<0>, C4<0>;
v0x558e3db8cb30_0 .net *"_s0", 0 0, L_0x558e3dba1600;  1 drivers
v0x558e3db8cc10_0 .net *"_s1", 0 0, L_0x558e3dba16f0;  1 drivers
S_0x558e3db8ccf0 .scope generate, "genblk1[21]" "genblk1[21]" 3 11, 3 11 0, S_0x558e3db364c0;
 .timescale 0 0;
P_0x558e3db8cee0 .param/l "i" 0 3 11, +C4<010101>;
L_0x558e3dba1940 .functor XOR 1, L_0x558e3dba19e0, L_0x558e3dba1ad0, C4<0>, C4<0>;
v0x558e3db8cfc0_0 .net *"_s0", 0 0, L_0x558e3dba19e0;  1 drivers
v0x558e3db8d0a0_0 .net *"_s1", 0 0, L_0x558e3dba1ad0;  1 drivers
S_0x558e3db8d180 .scope generate, "genblk1[22]" "genblk1[22]" 3 11, 3 11 0, S_0x558e3db364c0;
 .timescale 0 0;
P_0x558e3db8d370 .param/l "i" 0 3 11, +C4<010110>;
L_0x558e3dba1d30 .functor XOR 1, L_0x558e3dba1dd0, L_0x558e3dba1ec0, C4<0>, C4<0>;
v0x558e3db8d450_0 .net *"_s0", 0 0, L_0x558e3dba1dd0;  1 drivers
v0x558e3db8d530_0 .net *"_s1", 0 0, L_0x558e3dba1ec0;  1 drivers
S_0x558e3db8d610 .scope generate, "genblk1[23]" "genblk1[23]" 3 11, 3 11 0, S_0x558e3db364c0;
 .timescale 0 0;
P_0x558e3db8d800 .param/l "i" 0 3 11, +C4<010111>;
L_0x558e3dba2130 .functor XOR 1, L_0x558e3dba21d0, L_0x558e3dba22c0, C4<0>, C4<0>;
v0x558e3db8d8e0_0 .net *"_s0", 0 0, L_0x558e3dba21d0;  1 drivers
v0x558e3db8d9c0_0 .net *"_s1", 0 0, L_0x558e3dba22c0;  1 drivers
S_0x558e3db8daa0 .scope generate, "genblk1[24]" "genblk1[24]" 3 11, 3 11 0, S_0x558e3db364c0;
 .timescale 0 0;
P_0x558e3db8dc90 .param/l "i" 0 3 11, +C4<011000>;
L_0x558e3dba2540 .functor XOR 1, L_0x558e3dba25e0, L_0x558e3dba26d0, C4<0>, C4<0>;
v0x558e3db8dd70_0 .net *"_s0", 0 0, L_0x558e3dba25e0;  1 drivers
v0x558e3db8de50_0 .net *"_s1", 0 0, L_0x558e3dba26d0;  1 drivers
S_0x558e3db8df30 .scope generate, "genblk1[25]" "genblk1[25]" 3 11, 3 11 0, S_0x558e3db364c0;
 .timescale 0 0;
P_0x558e3db8e120 .param/l "i" 0 3 11, +C4<011001>;
L_0x558e3dba2960 .functor XOR 1, L_0x558e3dba2a00, L_0x558e3dba2af0, C4<0>, C4<0>;
v0x558e3db8e200_0 .net *"_s0", 0 0, L_0x558e3dba2a00;  1 drivers
v0x558e3db8e2e0_0 .net *"_s1", 0 0, L_0x558e3dba2af0;  1 drivers
S_0x558e3db8e3c0 .scope generate, "genblk1[26]" "genblk1[26]" 3 11, 3 11 0, S_0x558e3db364c0;
 .timescale 0 0;
P_0x558e3db8e5b0 .param/l "i" 0 3 11, +C4<011010>;
L_0x558e3dba2d90 .functor XOR 1, L_0x558e3dba2e30, L_0x558e3dba2f20, C4<0>, C4<0>;
v0x558e3db8e690_0 .net *"_s0", 0 0, L_0x558e3dba2e30;  1 drivers
v0x558e3db8e770_0 .net *"_s1", 0 0, L_0x558e3dba2f20;  1 drivers
S_0x558e3db8e850 .scope generate, "genblk1[27]" "genblk1[27]" 3 11, 3 11 0, S_0x558e3db364c0;
 .timescale 0 0;
P_0x558e3db8ea40 .param/l "i" 0 3 11, +C4<011011>;
L_0x558e3dba31d0 .functor XOR 1, L_0x558e3dba3270, L_0x558e3dba3360, C4<0>, C4<0>;
v0x558e3db8eb20_0 .net *"_s0", 0 0, L_0x558e3dba3270;  1 drivers
v0x558e3db8ec00_0 .net *"_s1", 0 0, L_0x558e3dba3360;  1 drivers
S_0x558e3db8ece0 .scope generate, "genblk1[28]" "genblk1[28]" 3 11, 3 11 0, S_0x558e3db364c0;
 .timescale 0 0;
P_0x558e3db8eed0 .param/l "i" 0 3 11, +C4<011100>;
L_0x558e3dba3620 .functor XOR 1, L_0x558e3dba36c0, L_0x558e3dba37b0, C4<0>, C4<0>;
v0x558e3db8efb0_0 .net *"_s0", 0 0, L_0x558e3dba36c0;  1 drivers
v0x558e3db8f090_0 .net *"_s1", 0 0, L_0x558e3dba37b0;  1 drivers
S_0x558e3db8f170 .scope generate, "genblk1[29]" "genblk1[29]" 3 11, 3 11 0, S_0x558e3db364c0;
 .timescale 0 0;
P_0x558e3db8f360 .param/l "i" 0 3 11, +C4<011101>;
L_0x558e3dba3a80 .functor XOR 1, L_0x558e3dba3b20, L_0x558e3dba3c10, C4<0>, C4<0>;
v0x558e3db8f440_0 .net *"_s0", 0 0, L_0x558e3dba3b20;  1 drivers
v0x558e3db8f520_0 .net *"_s1", 0 0, L_0x558e3dba3c10;  1 drivers
S_0x558e3db8f600 .scope generate, "genblk1[30]" "genblk1[30]" 3 11, 3 11 0, S_0x558e3db364c0;
 .timescale 0 0;
P_0x558e3db8f7f0 .param/l "i" 0 3 11, +C4<011110>;
L_0x558e3dba3ef0 .functor XOR 1, L_0x558e3dba3f90, L_0x558e3dba4490, C4<0>, C4<0>;
v0x558e3db8f8d0_0 .net *"_s0", 0 0, L_0x558e3dba3f90;  1 drivers
v0x558e3db8f9b0_0 .net *"_s1", 0 0, L_0x558e3dba4490;  1 drivers
S_0x558e3db8fa90 .scope generate, "genblk1[31]" "genblk1[31]" 3 11, 3 11 0, S_0x558e3db364c0;
 .timescale 0 0;
P_0x558e3db8fc80 .param/l "i" 0 3 11, +C4<011111>;
L_0x558e3dba4b90 .functor XOR 1, L_0x558e3dba4c30, L_0x558e3dba4d20, C4<0>, C4<0>;
v0x558e3db8fd60_0 .net *"_s0", 0 0, L_0x558e3dba4c30;  1 drivers
v0x558e3db8fe40_0 .net *"_s1", 0 0, L_0x558e3dba4d20;  1 drivers
S_0x558e3db8ff20 .scope generate, "genblk1[32]" "genblk1[32]" 3 11, 3 11 0, S_0x558e3db364c0;
 .timescale 0 0;
P_0x558e3db90110 .param/l "i" 0 3 11, +C4<0100000>;
L_0x558e3dba5020 .functor XOR 1, L_0x558e3dba50c0, L_0x558e3dba51b0, C4<0>, C4<0>;
v0x558e3db901d0_0 .net *"_s0", 0 0, L_0x558e3dba50c0;  1 drivers
v0x558e3db902d0_0 .net *"_s1", 0 0, L_0x558e3dba51b0;  1 drivers
S_0x558e3db903b0 .scope generate, "genblk1[33]" "genblk1[33]" 3 11, 3 11 0, S_0x558e3db364c0;
 .timescale 0 0;
P_0x558e3db905a0 .param/l "i" 0 3 11, +C4<0100001>;
L_0x558e3dba54c0 .functor XOR 1, L_0x558e3dba5560, L_0x558e3dba5650, C4<0>, C4<0>;
v0x558e3db90660_0 .net *"_s0", 0 0, L_0x558e3dba5560;  1 drivers
v0x558e3db90760_0 .net *"_s1", 0 0, L_0x558e3dba5650;  1 drivers
S_0x558e3db90840 .scope generate, "genblk1[34]" "genblk1[34]" 3 11, 3 11 0, S_0x558e3db364c0;
 .timescale 0 0;
P_0x558e3db90a30 .param/l "i" 0 3 11, +C4<0100010>;
L_0x558e3dba5970 .functor XOR 1, L_0x558e3dba5a10, L_0x558e3dba5b00, C4<0>, C4<0>;
v0x558e3db90af0_0 .net *"_s0", 0 0, L_0x558e3dba5a10;  1 drivers
v0x558e3db90bf0_0 .net *"_s1", 0 0, L_0x558e3dba5b00;  1 drivers
S_0x558e3db90cd0 .scope generate, "genblk1[35]" "genblk1[35]" 3 11, 3 11 0, S_0x558e3db364c0;
 .timescale 0 0;
P_0x558e3db90ec0 .param/l "i" 0 3 11, +C4<0100011>;
L_0x558e3dba5e30 .functor XOR 1, L_0x558e3dba5ed0, L_0x558e3dba5fc0, C4<0>, C4<0>;
v0x558e3db90f80_0 .net *"_s0", 0 0, L_0x558e3dba5ed0;  1 drivers
v0x558e3db91080_0 .net *"_s1", 0 0, L_0x558e3dba5fc0;  1 drivers
S_0x558e3db91160 .scope generate, "genblk1[36]" "genblk1[36]" 3 11, 3 11 0, S_0x558e3db364c0;
 .timescale 0 0;
P_0x558e3db91350 .param/l "i" 0 3 11, +C4<0100100>;
L_0x558e3dba6300 .functor XOR 1, L_0x558e3dba63a0, L_0x558e3dba6490, C4<0>, C4<0>;
v0x558e3db91410_0 .net *"_s0", 0 0, L_0x558e3dba63a0;  1 drivers
v0x558e3db91510_0 .net *"_s1", 0 0, L_0x558e3dba6490;  1 drivers
S_0x558e3db915f0 .scope generate, "genblk1[37]" "genblk1[37]" 3 11, 3 11 0, S_0x558e3db364c0;
 .timescale 0 0;
P_0x558e3db917e0 .param/l "i" 0 3 11, +C4<0100101>;
L_0x558e3dba67e0 .functor XOR 1, L_0x558e3dba6880, L_0x558e3dba6970, C4<0>, C4<0>;
v0x558e3db918a0_0 .net *"_s0", 0 0, L_0x558e3dba6880;  1 drivers
v0x558e3db919a0_0 .net *"_s1", 0 0, L_0x558e3dba6970;  1 drivers
S_0x558e3db91a80 .scope generate, "genblk1[38]" "genblk1[38]" 3 11, 3 11 0, S_0x558e3db364c0;
 .timescale 0 0;
P_0x558e3db91c70 .param/l "i" 0 3 11, +C4<0100110>;
L_0x558e3dba6cd0 .functor XOR 1, L_0x558e3dba6d70, L_0x558e3dba6e60, C4<0>, C4<0>;
v0x558e3db91d30_0 .net *"_s0", 0 0, L_0x558e3dba6d70;  1 drivers
v0x558e3db91e30_0 .net *"_s1", 0 0, L_0x558e3dba6e60;  1 drivers
S_0x558e3db91f10 .scope generate, "genblk1[39]" "genblk1[39]" 3 11, 3 11 0, S_0x558e3db364c0;
 .timescale 0 0;
P_0x558e3db92100 .param/l "i" 0 3 11, +C4<0100111>;
L_0x558e3dba71d0 .functor XOR 1, L_0x558e3dba7270, L_0x558e3dba7360, C4<0>, C4<0>;
v0x558e3db921c0_0 .net *"_s0", 0 0, L_0x558e3dba7270;  1 drivers
v0x558e3db922c0_0 .net *"_s1", 0 0, L_0x558e3dba7360;  1 drivers
S_0x558e3db923a0 .scope generate, "genblk1[40]" "genblk1[40]" 3 11, 3 11 0, S_0x558e3db364c0;
 .timescale 0 0;
P_0x558e3db92590 .param/l "i" 0 3 11, +C4<0101000>;
L_0x558e3dba76e0 .functor XOR 1, L_0x558e3dba7780, L_0x558e3dba7870, C4<0>, C4<0>;
v0x558e3db92650_0 .net *"_s0", 0 0, L_0x558e3dba7780;  1 drivers
v0x558e3db92750_0 .net *"_s1", 0 0, L_0x558e3dba7870;  1 drivers
S_0x558e3db92830 .scope generate, "genblk1[41]" "genblk1[41]" 3 11, 3 11 0, S_0x558e3db364c0;
 .timescale 0 0;
P_0x558e3db92a20 .param/l "i" 0 3 11, +C4<0101001>;
L_0x558e3dba7c00 .functor XOR 1, L_0x558e3dba7ca0, L_0x558e3dba7d90, C4<0>, C4<0>;
v0x558e3db92ae0_0 .net *"_s0", 0 0, L_0x558e3dba7ca0;  1 drivers
v0x558e3db92be0_0 .net *"_s1", 0 0, L_0x558e3dba7d90;  1 drivers
S_0x558e3db92cc0 .scope generate, "genblk1[42]" "genblk1[42]" 3 11, 3 11 0, S_0x558e3db364c0;
 .timescale 0 0;
P_0x558e3db92eb0 .param/l "i" 0 3 11, +C4<0101010>;
L_0x558e3dba8130 .functor XOR 1, L_0x558e3dba81d0, L_0x558e3dba82c0, C4<0>, C4<0>;
v0x558e3db92f70_0 .net *"_s0", 0 0, L_0x558e3dba81d0;  1 drivers
v0x558e3db93070_0 .net *"_s1", 0 0, L_0x558e3dba82c0;  1 drivers
S_0x558e3db93150 .scope generate, "genblk1[43]" "genblk1[43]" 3 11, 3 11 0, S_0x558e3db364c0;
 .timescale 0 0;
P_0x558e3db93340 .param/l "i" 0 3 11, +C4<0101011>;
L_0x558e3dba8670 .functor XOR 1, L_0x558e3dba8710, L_0x558e3dba8800, C4<0>, C4<0>;
v0x558e3db93400_0 .net *"_s0", 0 0, L_0x558e3dba8710;  1 drivers
v0x558e3db93500_0 .net *"_s1", 0 0, L_0x558e3dba8800;  1 drivers
S_0x558e3db935e0 .scope generate, "genblk1[44]" "genblk1[44]" 3 11, 3 11 0, S_0x558e3db364c0;
 .timescale 0 0;
P_0x558e3db937d0 .param/l "i" 0 3 11, +C4<0101100>;
L_0x558e3dba8bc0 .functor XOR 1, L_0x558e3dba8c60, L_0x558e3dba8d50, C4<0>, C4<0>;
v0x558e3db93890_0 .net *"_s0", 0 0, L_0x558e3dba8c60;  1 drivers
v0x558e3db93990_0 .net *"_s1", 0 0, L_0x558e3dba8d50;  1 drivers
S_0x558e3db93a70 .scope generate, "genblk1[45]" "genblk1[45]" 3 11, 3 11 0, S_0x558e3db364c0;
 .timescale 0 0;
P_0x558e3db93c60 .param/l "i" 0 3 11, +C4<0101101>;
L_0x558e3dba9120 .functor XOR 1, L_0x558e3dba91c0, L_0x558e3dba92b0, C4<0>, C4<0>;
v0x558e3db93d20_0 .net *"_s0", 0 0, L_0x558e3dba91c0;  1 drivers
v0x558e3db93e20_0 .net *"_s1", 0 0, L_0x558e3dba92b0;  1 drivers
S_0x558e3db93f00 .scope generate, "genblk1[46]" "genblk1[46]" 3 11, 3 11 0, S_0x558e3db364c0;
 .timescale 0 0;
P_0x558e3db940f0 .param/l "i" 0 3 11, +C4<0101110>;
L_0x558e3dba9690 .functor XOR 1, L_0x558e3dba9730, L_0x558e3dba9820, C4<0>, C4<0>;
v0x558e3db941b0_0 .net *"_s0", 0 0, L_0x558e3dba9730;  1 drivers
v0x558e3db942b0_0 .net *"_s1", 0 0, L_0x558e3dba9820;  1 drivers
S_0x558e3db94390 .scope generate, "genblk1[47]" "genblk1[47]" 3 11, 3 11 0, S_0x558e3db364c0;
 .timescale 0 0;
P_0x558e3db94580 .param/l "i" 0 3 11, +C4<0101111>;
L_0x558e3dba9c10 .functor XOR 1, L_0x558e3dba9cb0, L_0x558e3dba9da0, C4<0>, C4<0>;
v0x558e3db94640_0 .net *"_s0", 0 0, L_0x558e3dba9cb0;  1 drivers
v0x558e3db94740_0 .net *"_s1", 0 0, L_0x558e3dba9da0;  1 drivers
S_0x558e3db94820 .scope generate, "genblk1[48]" "genblk1[48]" 3 11, 3 11 0, S_0x558e3db364c0;
 .timescale 0 0;
P_0x558e3db94a10 .param/l "i" 0 3 11, +C4<0110000>;
L_0x558e3dbaa1a0 .functor XOR 1, L_0x558e3dbaa240, L_0x558e3dbaa330, C4<0>, C4<0>;
v0x558e3db94ad0_0 .net *"_s0", 0 0, L_0x558e3dbaa240;  1 drivers
v0x558e3db94bd0_0 .net *"_s1", 0 0, L_0x558e3dbaa330;  1 drivers
S_0x558e3db94cb0 .scope generate, "genblk1[49]" "genblk1[49]" 3 11, 3 11 0, S_0x558e3db364c0;
 .timescale 0 0;
P_0x558e3db94ea0 .param/l "i" 0 3 11, +C4<0110001>;
L_0x558e3dbaa740 .functor XOR 1, L_0x558e3dbaa7e0, L_0x558e3dbaa8d0, C4<0>, C4<0>;
v0x558e3db94f60_0 .net *"_s0", 0 0, L_0x558e3dbaa7e0;  1 drivers
v0x558e3db95060_0 .net *"_s1", 0 0, L_0x558e3dbaa8d0;  1 drivers
S_0x558e3db95140 .scope generate, "genblk1[50]" "genblk1[50]" 3 11, 3 11 0, S_0x558e3db364c0;
 .timescale 0 0;
P_0x558e3db95330 .param/l "i" 0 3 11, +C4<0110010>;
L_0x558e3dbaacf0 .functor XOR 1, L_0x558e3dbaad90, L_0x558e3dbaae80, C4<0>, C4<0>;
v0x558e3db953f0_0 .net *"_s0", 0 0, L_0x558e3dbaad90;  1 drivers
v0x558e3db954f0_0 .net *"_s1", 0 0, L_0x558e3dbaae80;  1 drivers
S_0x558e3db955d0 .scope generate, "genblk1[51]" "genblk1[51]" 3 11, 3 11 0, S_0x558e3db364c0;
 .timescale 0 0;
P_0x558e3db957c0 .param/l "i" 0 3 11, +C4<0110011>;
L_0x558e3dbab2b0 .functor XOR 1, L_0x558e3dbab350, L_0x558e3dbab440, C4<0>, C4<0>;
v0x558e3db95880_0 .net *"_s0", 0 0, L_0x558e3dbab350;  1 drivers
v0x558e3db95980_0 .net *"_s1", 0 0, L_0x558e3dbab440;  1 drivers
S_0x558e3db95a60 .scope generate, "genblk1[52]" "genblk1[52]" 3 11, 3 11 0, S_0x558e3db364c0;
 .timescale 0 0;
P_0x558e3db95c50 .param/l "i" 0 3 11, +C4<0110100>;
L_0x558e3dbab880 .functor XOR 1, L_0x558e3dbab920, L_0x558e3dbaba10, C4<0>, C4<0>;
v0x558e3db95d10_0 .net *"_s0", 0 0, L_0x558e3dbab920;  1 drivers
v0x558e3db95e10_0 .net *"_s1", 0 0, L_0x558e3dbaba10;  1 drivers
S_0x558e3db95ef0 .scope generate, "genblk1[53]" "genblk1[53]" 3 11, 3 11 0, S_0x558e3db364c0;
 .timescale 0 0;
P_0x558e3db960e0 .param/l "i" 0 3 11, +C4<0110101>;
L_0x558e3dbabe60 .functor XOR 1, L_0x558e3dbabf00, L_0x558e3dbabff0, C4<0>, C4<0>;
v0x558e3db961a0_0 .net *"_s0", 0 0, L_0x558e3dbabf00;  1 drivers
v0x558e3db962a0_0 .net *"_s1", 0 0, L_0x558e3dbabff0;  1 drivers
S_0x558e3db96380 .scope generate, "genblk1[54]" "genblk1[54]" 3 11, 3 11 0, S_0x558e3db364c0;
 .timescale 0 0;
P_0x558e3db96570 .param/l "i" 0 3 11, +C4<0110110>;
L_0x558e3dbac450 .functor XOR 1, L_0x558e3dbac4f0, L_0x558e3dbac5e0, C4<0>, C4<0>;
v0x558e3db96630_0 .net *"_s0", 0 0, L_0x558e3dbac4f0;  1 drivers
v0x558e3db96730_0 .net *"_s1", 0 0, L_0x558e3dbac5e0;  1 drivers
S_0x558e3db96810 .scope generate, "genblk1[55]" "genblk1[55]" 3 11, 3 11 0, S_0x558e3db364c0;
 .timescale 0 0;
P_0x558e3db96a00 .param/l "i" 0 3 11, +C4<0110111>;
L_0x558e3dbaca50 .functor XOR 1, L_0x558e3dbacaf0, L_0x558e3dbacbe0, C4<0>, C4<0>;
v0x558e3db96ac0_0 .net *"_s0", 0 0, L_0x558e3dbacaf0;  1 drivers
v0x558e3db96bc0_0 .net *"_s1", 0 0, L_0x558e3dbacbe0;  1 drivers
S_0x558e3db96ca0 .scope generate, "genblk1[56]" "genblk1[56]" 3 11, 3 11 0, S_0x558e3db364c0;
 .timescale 0 0;
P_0x558e3db96e90 .param/l "i" 0 3 11, +C4<0111000>;
L_0x558e3dbad060 .functor XOR 1, L_0x558e3dbad100, L_0x558e3dbad1f0, C4<0>, C4<0>;
v0x558e3db96f50_0 .net *"_s0", 0 0, L_0x558e3dbad100;  1 drivers
v0x558e3db97050_0 .net *"_s1", 0 0, L_0x558e3dbad1f0;  1 drivers
S_0x558e3db97130 .scope generate, "genblk1[57]" "genblk1[57]" 3 11, 3 11 0, S_0x558e3db364c0;
 .timescale 0 0;
P_0x558e3db97320 .param/l "i" 0 3 11, +C4<0111001>;
L_0x558e3dbad680 .functor XOR 1, L_0x558e3dbad720, L_0x558e3dbad810, C4<0>, C4<0>;
v0x558e3db973e0_0 .net *"_s0", 0 0, L_0x558e3dbad720;  1 drivers
v0x558e3db974e0_0 .net *"_s1", 0 0, L_0x558e3dbad810;  1 drivers
S_0x558e3db975c0 .scope generate, "genblk1[58]" "genblk1[58]" 3 11, 3 11 0, S_0x558e3db364c0;
 .timescale 0 0;
P_0x558e3db977b0 .param/l "i" 0 3 11, +C4<0111010>;
L_0x558e3dbadcb0 .functor XOR 1, L_0x558e3dbadd50, L_0x558e3dbade40, C4<0>, C4<0>;
v0x558e3db97870_0 .net *"_s0", 0 0, L_0x558e3dbadd50;  1 drivers
v0x558e3db97970_0 .net *"_s1", 0 0, L_0x558e3dbade40;  1 drivers
S_0x558e3db97a50 .scope generate, "genblk1[59]" "genblk1[59]" 3 11, 3 11 0, S_0x558e3db364c0;
 .timescale 0 0;
P_0x558e3db97c40 .param/l "i" 0 3 11, +C4<0111011>;
L_0x558e3dbae2f0 .functor XOR 1, L_0x558e3dbae390, L_0x558e3dbae480, C4<0>, C4<0>;
v0x558e3db97d00_0 .net *"_s0", 0 0, L_0x558e3dbae390;  1 drivers
v0x558e3db97e00_0 .net *"_s1", 0 0, L_0x558e3dbae480;  1 drivers
S_0x558e3db97ee0 .scope generate, "genblk1[60]" "genblk1[60]" 3 11, 3 11 0, S_0x558e3db364c0;
 .timescale 0 0;
P_0x558e3db980d0 .param/l "i" 0 3 11, +C4<0111100>;
L_0x558e3dbae940 .functor XOR 1, L_0x558e3dbae9e0, L_0x558e3dbaead0, C4<0>, C4<0>;
v0x558e3db98190_0 .net *"_s0", 0 0, L_0x558e3dbae9e0;  1 drivers
v0x558e3db98290_0 .net *"_s1", 0 0, L_0x558e3dbaead0;  1 drivers
S_0x558e3db98370 .scope generate, "genblk1[61]" "genblk1[61]" 3 11, 3 11 0, S_0x558e3db364c0;
 .timescale 0 0;
P_0x558e3db98560 .param/l "i" 0 3 11, +C4<0111101>;
L_0x558e3dbaefa0 .functor XOR 1, L_0x558e3dbaf040, L_0x558e3dbaf130, C4<0>, C4<0>;
v0x558e3db98620_0 .net *"_s0", 0 0, L_0x558e3dbaf040;  1 drivers
v0x558e3db98720_0 .net *"_s1", 0 0, L_0x558e3dbaf130;  1 drivers
S_0x558e3db98800 .scope generate, "genblk1[62]" "genblk1[62]" 3 11, 3 11 0, S_0x558e3db364c0;
 .timescale 0 0;
P_0x558e3db989f0 .param/l "i" 0 3 11, +C4<0111110>;
L_0x558e3dbaf610 .functor XOR 1, L_0x558e3dbaf6b0, L_0x558e3dbaffb0, C4<0>, C4<0>;
v0x558e3db98ab0_0 .net *"_s0", 0 0, L_0x558e3dbaf6b0;  1 drivers
v0x558e3db98bb0_0 .net *"_s1", 0 0, L_0x558e3dbaffb0;  1 drivers
S_0x558e3db98c90 .scope generate, "genblk1[63]" "genblk1[63]" 3 11, 3 11 0, S_0x558e3db364c0;
 .timescale 0 0;
P_0x558e3db98e80 .param/l "i" 0 3 11, +C4<0111111>;
L_0x558e3dbb2150 .functor XOR 1, L_0x558e3dbb2210, L_0x558e3dbb2710, C4<0>, C4<0>;
v0x558e3db98f40_0 .net *"_s0", 0 0, L_0x558e3dbb2210;  1 drivers
v0x558e3db99040_0 .net *"_s1", 0 0, L_0x558e3dbb2710;  1 drivers
    .scope S_0x558e3db68570;
T_0 ;
    %vpi_call 2 11 "$dumpfile", "bit64xor_test.vcd" {0 0 0};
    %vpi_call 2 12 "$dumpvars", 32'sb00000000000000000000000000000000, S_0x558e3db68570 {0 0 0};
    %pushi/vec4 4042322160, 0, 32;
    %concati/vec4 4042322164, 0, 32;
    %store/vec4 v0x558e3db9d2b0_0, 0, 64;
    %pushi/vec4 3435973836, 0, 32;
    %concati/vec4 3435973829, 0, 32;
    %store/vec4 v0x558e3db9d370_0, 0, 64;
    %vpi_call 2 17 "$monitor", "\012 a \011= %b = %d\012 b \011= %b = %d\012 bitxor = %b = %d\012", v0x558e3db9d2b0_0, v0x558e3db9d2b0_0, v0x558e3db9d370_0, v0x558e3db9d370_0, v0x558e3db9d440_0, v0x558e3db9d440_0 {0 0 0};
    %delay 5, 0;
    %pushi/vec4 2780759835, 0, 36;
    %concati/vec4 119835367, 0, 28;
    %store/vec4 v0x558e3db9d2b0_0, 0, 64;
    %pushi/vec4 4090926448, 0, 32;
    %concati/vec4 2362647720, 0, 32;
    %store/vec4 v0x558e3db9d370_0, 0, 64;
    %vpi_call 2 25 "$monitor", " a \011= %b = %d\012 b \011= %b = %d\012 bitxor = %b = %d\012", v0x558e3db9d2b0_0, v0x558e3db9d2b0_0, v0x558e3db9d370_0, v0x558e3db9d370_0, v0x558e3db9d440_0, v0x558e3db9d440_0 {0 0 0};
    %delay 5, 0;
    %end;
    .thread T_0;
# The file index is used to find the file name in the following table.
:file_names 4;
    "N/A";
    "<interactive>";
    "bit64xor_test.v";
    "bit64xor.v";
