#! /usr/bin/vvp
:ivl_version "10.3 (stable)";
:ivl_delay_selection "TYPICAL";
:vpi_time_precision + 0;
:vpi_module "system";
:vpi_module "vhdl_sys";
:vpi_module "v2005_math";
:vpi_module "va_math";
S_0x5609460c4570 .scope module, "bit64and_test" "bit64and_test" 2 1;
 .timescale 0 0;
v0x5609460f92b0_0 .var/s "a", 63 0;
v0x5609460f9370_0 .var/s "b", 63 0;
v0x5609460f9440_0 .net/s "bitand", 63 0, L_0x56094610ccb0;  1 drivers
S_0x5609460924c0 .scope module, "dut" "bit64and" 2 7, 3 1 0, S_0x5609460c4570;
 .timescale 0 0;
    .port_info 0 /OUTPUT 64 "bitand"
    .port_info 1 /INPUT 64 "a"
    .port_info 2 /INPUT 64 "b"
v0x5609460f5120_0 .net *"_s0", 0 0, L_0x5609460a5720;  1 drivers
v0x5609460f5220_0 .net *"_s100", 0 0, L_0x5609460fe960;  1 drivers
v0x5609460f5300_0 .net *"_s104", 0 0, L_0x5609460fed90;  1 drivers
v0x5609460f53c0_0 .net *"_s108", 0 0, L_0x5609460ff1d0;  1 drivers
v0x5609460f54a0_0 .net *"_s112", 0 0, L_0x5609460ff620;  1 drivers
v0x5609460f55d0_0 .net *"_s116", 0 0, L_0x5609460ffa80;  1 drivers
v0x5609460f56b0_0 .net *"_s12", 0 0, L_0x5609460f9ce0;  1 drivers
v0x5609460f5790_0 .net *"_s120", 0 0, L_0x5609460ffef0;  1 drivers
v0x5609460f5870_0 .net *"_s124", 0 0, L_0x560946100b90;  1 drivers
v0x5609460f5950_0 .net *"_s128", 0 0, L_0x560946101020;  1 drivers
v0x5609460f5a30_0 .net *"_s132", 0 0, L_0x5609461014c0;  1 drivers
v0x5609460f5b10_0 .net *"_s136", 0 0, L_0x560946101970;  1 drivers
v0x5609460f5bf0_0 .net *"_s140", 0 0, L_0x560946101e30;  1 drivers
v0x5609460f5cd0_0 .net *"_s144", 0 0, L_0x560946102300;  1 drivers
v0x5609460f5db0_0 .net *"_s148", 0 0, L_0x5609461027e0;  1 drivers
v0x5609460f5e90_0 .net *"_s152", 0 0, L_0x560946102cd0;  1 drivers
v0x5609460f5f70_0 .net *"_s156", 0 0, L_0x5609461031d0;  1 drivers
v0x5609460f6050_0 .net *"_s16", 0 0, L_0x5609460f9f30;  1 drivers
v0x5609460f6130_0 .net *"_s160", 0 0, L_0x5609461036e0;  1 drivers
v0x5609460f6210_0 .net *"_s164", 0 0, L_0x560946103c00;  1 drivers
v0x5609460f62f0_0 .net *"_s168", 0 0, L_0x560946104130;  1 drivers
v0x5609460f63d0_0 .net *"_s172", 0 0, L_0x560946104670;  1 drivers
v0x5609460f64b0_0 .net *"_s176", 0 0, L_0x560946104bc0;  1 drivers
v0x5609460f6590_0 .net *"_s180", 0 0, L_0x560946105120;  1 drivers
v0x5609460f6670_0 .net *"_s184", 0 0, L_0x560946105690;  1 drivers
v0x5609460f6750_0 .net *"_s188", 0 0, L_0x560946105c10;  1 drivers
v0x5609460f6830_0 .net *"_s192", 0 0, L_0x5609461061a0;  1 drivers
v0x5609460f6910_0 .net *"_s196", 0 0, L_0x560946106740;  1 drivers
v0x5609460f69f0_0 .net *"_s20", 0 0, L_0x5609460fa210;  1 drivers
v0x5609460f6ad0_0 .net *"_s200", 0 0, L_0x560946106cf0;  1 drivers
v0x5609460f6bb0_0 .net *"_s204", 0 0, L_0x5609461072b0;  1 drivers
v0x5609460f6c90_0 .net *"_s208", 0 0, L_0x560946107880;  1 drivers
v0x5609460f6d70_0 .net *"_s212", 0 0, L_0x560946107e60;  1 drivers
v0x5609460f7060_0 .net *"_s216", 0 0, L_0x560946108450;  1 drivers
v0x5609460f7140_0 .net *"_s220", 0 0, L_0x560946108a50;  1 drivers
v0x5609460f7220_0 .net *"_s224", 0 0, L_0x560946109060;  1 drivers
v0x5609460f7300_0 .net *"_s228", 0 0, L_0x560946109680;  1 drivers
v0x5609460f73e0_0 .net *"_s232", 0 0, L_0x560946109cb0;  1 drivers
v0x5609460f74c0_0 .net *"_s236", 0 0, L_0x56094610a2f0;  1 drivers
v0x5609460f75a0_0 .net *"_s24", 0 0, L_0x5609460fa4b0;  1 drivers
v0x5609460f7680_0 .net *"_s240", 0 0, L_0x56094610a940;  1 drivers
v0x5609460f7760_0 .net *"_s244", 0 0, L_0x56094610afa0;  1 drivers
v0x5609460f7840_0 .net *"_s248", 0 0, L_0x56094610b610;  1 drivers
v0x5609460f7920_0 .net *"_s252", 0 0, L_0x56094610e150;  1 drivers
v0x5609460f7a00_0 .net *"_s28", 0 0, L_0x5609460fa440;  1 drivers
v0x5609460f7ae0_0 .net *"_s32", 0 0, L_0x5609460faa50;  1 drivers
v0x5609460f7bc0_0 .net *"_s36", 0 0, L_0x5609460fad70;  1 drivers
v0x5609460f7ca0_0 .net *"_s4", 0 0, L_0x5609460a62d0;  1 drivers
v0x5609460f7d80_0 .net *"_s40", 0 0, L_0x5609460fb0a0;  1 drivers
v0x5609460f7e60_0 .net *"_s44", 0 0, L_0x5609460fb340;  1 drivers
v0x5609460f7f40_0 .net *"_s48", 0 0, L_0x5609460fb690;  1 drivers
v0x5609460f8020_0 .net *"_s52", 0 0, L_0x5609460fb9f0;  1 drivers
v0x5609460f8100_0 .net *"_s56", 0 0, L_0x5609460fbd60;  1 drivers
v0x5609460f81e0_0 .net *"_s60", 0 0, L_0x5609460fc2f0;  1 drivers
v0x5609460f82c0_0 .net *"_s64", 0 0, L_0x5609460fc680;  1 drivers
v0x5609460f83a0_0 .net *"_s68", 0 0, L_0x5609460fca20;  1 drivers
v0x5609460f8480_0 .net *"_s72", 0 0, L_0x5609460fcdd0;  1 drivers
v0x5609460f8560_0 .net *"_s76", 0 0, L_0x5609460fd190;  1 drivers
v0x5609460f8640_0 .net *"_s8", 0 0, L_0x5609460f9a10;  1 drivers
v0x5609460f8720_0 .net *"_s80", 0 0, L_0x5609460fd560;  1 drivers
v0x5609460f8800_0 .net *"_s84", 0 0, L_0x5609460fd940;  1 drivers
v0x5609460f88e0_0 .net *"_s88", 0 0, L_0x5609460fdd30;  1 drivers
v0x5609460f89c0_0 .net *"_s92", 0 0, L_0x5609460fe130;  1 drivers
v0x5609460f8aa0_0 .net *"_s96", 0 0, L_0x5609460fe540;  1 drivers
v0x5609460f8b80_0 .net/s "a", 63 0, v0x5609460f92b0_0;  1 drivers
v0x5609460f9070_0 .net/s "b", 63 0, v0x5609460f9370_0;  1 drivers
v0x5609460f9150_0 .net/s "bitand", 63 0, L_0x56094610ccb0;  alias, 1 drivers
L_0x5609460f95d0 .part v0x5609460f92b0_0, 0, 1;
L_0x5609460f96c0 .part v0x5609460f9370_0, 0, 1;
L_0x5609460f9800 .part v0x5609460f92b0_0, 1, 1;
L_0x5609460f98f0 .part v0x5609460f9370_0, 1, 1;
L_0x5609460f9a80 .part v0x5609460f92b0_0, 2, 1;
L_0x5609460f9b70 .part v0x5609460f9370_0, 2, 1;
L_0x5609460f9d50 .part v0x5609460f92b0_0, 3, 1;
L_0x5609460f9df0 .part v0x5609460f9370_0, 3, 1;
L_0x5609460f9fd0 .part v0x5609460f92b0_0, 4, 1;
L_0x5609460fa0c0 .part v0x5609460f9370_0, 4, 1;
L_0x5609460fa2b0 .part v0x5609460f92b0_0, 5, 1;
L_0x5609460fa350 .part v0x5609460f9370_0, 5, 1;
L_0x5609460fa550 .part v0x5609460f92b0_0, 6, 1;
L_0x5609460fa640 .part v0x5609460f9370_0, 6, 1;
L_0x5609460fa7e0 .part v0x5609460f92b0_0, 7, 1;
L_0x5609460fa8d0 .part v0x5609460f9370_0, 7, 1;
L_0x5609460faaf0 .part v0x5609460f92b0_0, 8, 1;
L_0x5609460fabe0 .part v0x5609460f9370_0, 8, 1;
L_0x5609460fae10 .part v0x5609460f92b0_0, 9, 1;
L_0x5609460faf00 .part v0x5609460f9370_0, 9, 1;
L_0x5609460facd0 .part v0x5609460f92b0_0, 10, 1;
L_0x5609460fb190 .part v0x5609460f9370_0, 10, 1;
L_0x5609460fb3e0 .part v0x5609460f92b0_0, 11, 1;
L_0x5609460fb4d0 .part v0x5609460f9370_0, 11, 1;
L_0x5609460fb730 .part v0x5609460f92b0_0, 12, 1;
L_0x5609460fb820 .part v0x5609460f9370_0, 12, 1;
L_0x5609460fba90 .part v0x5609460f92b0_0, 13, 1;
L_0x5609460fbb80 .part v0x5609460f9370_0, 13, 1;
L_0x5609460fbe00 .part v0x5609460f92b0_0, 14, 1;
L_0x5609460fbef0 .part v0x5609460f9370_0, 14, 1;
L_0x5609460fc390 .part v0x5609460f92b0_0, 15, 1;
L_0x5609460fc480 .part v0x5609460f9370_0, 15, 1;
L_0x5609460fc720 .part v0x5609460f92b0_0, 16, 1;
L_0x5609460fc810 .part v0x5609460f9370_0, 16, 1;
L_0x5609460fcac0 .part v0x5609460f92b0_0, 17, 1;
L_0x5609460fcbb0 .part v0x5609460f9370_0, 17, 1;
L_0x5609460fce70 .part v0x5609460f92b0_0, 18, 1;
L_0x5609460fcf60 .part v0x5609460f9370_0, 18, 1;
L_0x5609460fd230 .part v0x5609460f92b0_0, 19, 1;
L_0x5609460fd320 .part v0x5609460f9370_0, 19, 1;
L_0x5609460fd600 .part v0x5609460f92b0_0, 20, 1;
L_0x5609460fd6f0 .part v0x5609460f9370_0, 20, 1;
L_0x5609460fd9e0 .part v0x5609460f92b0_0, 21, 1;
L_0x5609460fdad0 .part v0x5609460f9370_0, 21, 1;
L_0x5609460fddd0 .part v0x5609460f92b0_0, 22, 1;
L_0x5609460fdec0 .part v0x5609460f9370_0, 22, 1;
L_0x5609460fe1d0 .part v0x5609460f92b0_0, 23, 1;
L_0x5609460fe2c0 .part v0x5609460f9370_0, 23, 1;
L_0x5609460fe5e0 .part v0x5609460f92b0_0, 24, 1;
L_0x5609460fe6d0 .part v0x5609460f9370_0, 24, 1;
L_0x5609460fea00 .part v0x5609460f92b0_0, 25, 1;
L_0x5609460feaf0 .part v0x5609460f9370_0, 25, 1;
L_0x5609460fee30 .part v0x5609460f92b0_0, 26, 1;
L_0x5609460fef20 .part v0x5609460f9370_0, 26, 1;
L_0x5609460ff270 .part v0x5609460f92b0_0, 27, 1;
L_0x5609460ff360 .part v0x5609460f9370_0, 27, 1;
L_0x5609460ff6c0 .part v0x5609460f92b0_0, 28, 1;
L_0x5609460ff7b0 .part v0x5609460f9370_0, 28, 1;
L_0x5609460ffb20 .part v0x5609460f92b0_0, 29, 1;
L_0x5609460ffc10 .part v0x5609460f9370_0, 29, 1;
L_0x5609460fff90 .part v0x5609460f92b0_0, 30, 1;
L_0x560946100490 .part v0x5609460f9370_0, 30, 1;
L_0x560946100c30 .part v0x5609460f92b0_0, 31, 1;
L_0x560946100d20 .part v0x5609460f9370_0, 31, 1;
L_0x5609461010c0 .part v0x5609460f92b0_0, 32, 1;
L_0x5609461011b0 .part v0x5609460f9370_0, 32, 1;
L_0x560946101560 .part v0x5609460f92b0_0, 33, 1;
L_0x560946101650 .part v0x5609460f9370_0, 33, 1;
L_0x560946101a10 .part v0x5609460f92b0_0, 34, 1;
L_0x560946101b00 .part v0x5609460f9370_0, 34, 1;
L_0x560946101ed0 .part v0x5609460f92b0_0, 35, 1;
L_0x560946101fc0 .part v0x5609460f9370_0, 35, 1;
L_0x5609461023a0 .part v0x5609460f92b0_0, 36, 1;
L_0x560946102490 .part v0x5609460f9370_0, 36, 1;
L_0x560946102880 .part v0x5609460f92b0_0, 37, 1;
L_0x560946102970 .part v0x5609460f9370_0, 37, 1;
L_0x560946102d70 .part v0x5609460f92b0_0, 38, 1;
L_0x560946102e60 .part v0x5609460f9370_0, 38, 1;
L_0x560946103270 .part v0x5609460f92b0_0, 39, 1;
L_0x560946103360 .part v0x5609460f9370_0, 39, 1;
L_0x560946103780 .part v0x5609460f92b0_0, 40, 1;
L_0x560946103870 .part v0x5609460f9370_0, 40, 1;
L_0x560946103ca0 .part v0x5609460f92b0_0, 41, 1;
L_0x560946103d90 .part v0x5609460f9370_0, 41, 1;
L_0x5609461041d0 .part v0x5609460f92b0_0, 42, 1;
L_0x5609461042c0 .part v0x5609460f9370_0, 42, 1;
L_0x560946104710 .part v0x5609460f92b0_0, 43, 1;
L_0x560946104800 .part v0x5609460f9370_0, 43, 1;
L_0x560946104c60 .part v0x5609460f92b0_0, 44, 1;
L_0x560946104d50 .part v0x5609460f9370_0, 44, 1;
L_0x5609461051c0 .part v0x5609460f92b0_0, 45, 1;
L_0x5609461052b0 .part v0x5609460f9370_0, 45, 1;
L_0x560946105730 .part v0x5609460f92b0_0, 46, 1;
L_0x560946105820 .part v0x5609460f9370_0, 46, 1;
L_0x560946105cb0 .part v0x5609460f92b0_0, 47, 1;
L_0x560946105da0 .part v0x5609460f9370_0, 47, 1;
L_0x560946106240 .part v0x5609460f92b0_0, 48, 1;
L_0x560946106330 .part v0x5609460f9370_0, 48, 1;
L_0x5609461067e0 .part v0x5609460f92b0_0, 49, 1;
L_0x5609461068d0 .part v0x5609460f9370_0, 49, 1;
L_0x560946106d90 .part v0x5609460f92b0_0, 50, 1;
L_0x560946106e80 .part v0x5609460f9370_0, 50, 1;
L_0x560946107350 .part v0x5609460f92b0_0, 51, 1;
L_0x560946107440 .part v0x5609460f9370_0, 51, 1;
L_0x560946107920 .part v0x5609460f92b0_0, 52, 1;
L_0x560946107a10 .part v0x5609460f9370_0, 52, 1;
L_0x560946107f00 .part v0x5609460f92b0_0, 53, 1;
L_0x560946107ff0 .part v0x5609460f9370_0, 53, 1;
L_0x5609461084f0 .part v0x5609460f92b0_0, 54, 1;
L_0x5609461085e0 .part v0x5609460f9370_0, 54, 1;
L_0x560946108af0 .part v0x5609460f92b0_0, 55, 1;
L_0x560946108be0 .part v0x5609460f9370_0, 55, 1;
L_0x560946109100 .part v0x5609460f92b0_0, 56, 1;
L_0x5609461091f0 .part v0x5609460f9370_0, 56, 1;
L_0x560946109720 .part v0x5609460f92b0_0, 57, 1;
L_0x560946109810 .part v0x5609460f9370_0, 57, 1;
L_0x560946109d50 .part v0x5609460f92b0_0, 58, 1;
L_0x560946109e40 .part v0x5609460f9370_0, 58, 1;
L_0x56094610a390 .part v0x5609460f92b0_0, 59, 1;
L_0x56094610a480 .part v0x5609460f9370_0, 59, 1;
L_0x56094610a9e0 .part v0x5609460f92b0_0, 60, 1;
L_0x56094610aad0 .part v0x5609460f9370_0, 60, 1;
L_0x56094610b040 .part v0x5609460f92b0_0, 61, 1;
L_0x56094610b130 .part v0x5609460f9370_0, 61, 1;
L_0x56094610b6b0 .part v0x5609460f92b0_0, 62, 1;
L_0x56094610bfb0 .part v0x5609460f9370_0, 62, 1;
LS_0x56094610ccb0_0_0 .concat8 [ 1 1 1 1], L_0x5609460a5720, L_0x5609460a62d0, L_0x5609460f9a10, L_0x5609460f9ce0;
LS_0x56094610ccb0_0_4 .concat8 [ 1 1 1 1], L_0x5609460f9f30, L_0x5609460fa210, L_0x5609460fa4b0, L_0x5609460fa440;
LS_0x56094610ccb0_0_8 .concat8 [ 1 1 1 1], L_0x5609460faa50, L_0x5609460fad70, L_0x5609460fb0a0, L_0x5609460fb340;
LS_0x56094610ccb0_0_12 .concat8 [ 1 1 1 1], L_0x5609460fb690, L_0x5609460fb9f0, L_0x5609460fbd60, L_0x5609460fc2f0;
LS_0x56094610ccb0_0_16 .concat8 [ 1 1 1 1], L_0x5609460fc680, L_0x5609460fca20, L_0x5609460fcdd0, L_0x5609460fd190;
LS_0x56094610ccb0_0_20 .concat8 [ 1 1 1 1], L_0x5609460fd560, L_0x5609460fd940, L_0x5609460fdd30, L_0x5609460fe130;
LS_0x56094610ccb0_0_24 .concat8 [ 1 1 1 1], L_0x5609460fe540, L_0x5609460fe960, L_0x5609460fed90, L_0x5609460ff1d0;
LS_0x56094610ccb0_0_28 .concat8 [ 1 1 1 1], L_0x5609460ff620, L_0x5609460ffa80, L_0x5609460ffef0, L_0x560946100b90;
LS_0x56094610ccb0_0_32 .concat8 [ 1 1 1 1], L_0x560946101020, L_0x5609461014c0, L_0x560946101970, L_0x560946101e30;
LS_0x56094610ccb0_0_36 .concat8 [ 1 1 1 1], L_0x560946102300, L_0x5609461027e0, L_0x560946102cd0, L_0x5609461031d0;
LS_0x56094610ccb0_0_40 .concat8 [ 1 1 1 1], L_0x5609461036e0, L_0x560946103c00, L_0x560946104130, L_0x560946104670;
LS_0x56094610ccb0_0_44 .concat8 [ 1 1 1 1], L_0x560946104bc0, L_0x560946105120, L_0x560946105690, L_0x560946105c10;
LS_0x56094610ccb0_0_48 .concat8 [ 1 1 1 1], L_0x5609461061a0, L_0x560946106740, L_0x560946106cf0, L_0x5609461072b0;
LS_0x56094610ccb0_0_52 .concat8 [ 1 1 1 1], L_0x560946107880, L_0x560946107e60, L_0x560946108450, L_0x560946108a50;
LS_0x56094610ccb0_0_56 .concat8 [ 1 1 1 1], L_0x560946109060, L_0x560946109680, L_0x560946109cb0, L_0x56094610a2f0;
LS_0x56094610ccb0_0_60 .concat8 [ 1 1 1 1], L_0x56094610a940, L_0x56094610afa0, L_0x56094610b610, L_0x56094610e150;
LS_0x56094610ccb0_1_0 .concat8 [ 4 4 4 4], LS_0x56094610ccb0_0_0, LS_0x56094610ccb0_0_4, LS_0x56094610ccb0_0_8, LS_0x56094610ccb0_0_12;
LS_0x56094610ccb0_1_4 .concat8 [ 4 4 4 4], LS_0x56094610ccb0_0_16, LS_0x56094610ccb0_0_20, LS_0x56094610ccb0_0_24, LS_0x56094610ccb0_0_28;
LS_0x56094610ccb0_1_8 .concat8 [ 4 4 4 4], LS_0x56094610ccb0_0_32, LS_0x56094610ccb0_0_36, LS_0x56094610ccb0_0_40, LS_0x56094610ccb0_0_44;
LS_0x56094610ccb0_1_12 .concat8 [ 4 4 4 4], LS_0x56094610ccb0_0_48, LS_0x56094610ccb0_0_52, LS_0x56094610ccb0_0_56, LS_0x56094610ccb0_0_60;
L_0x56094610ccb0 .concat8 [ 16 16 16 16], LS_0x56094610ccb0_1_0, LS_0x56094610ccb0_1_4, LS_0x56094610ccb0_1_8, LS_0x56094610ccb0_1_12;
L_0x56094610e210 .part v0x5609460f92b0_0, 63, 1;
L_0x56094610e710 .part v0x5609460f9370_0, 63, 1;
S_0x560946092640 .scope generate, "genblk1[0]" "genblk1[0]" 3 11, 3 11 0, S_0x5609460924c0;
 .timescale 0 0;
P_0x5609460aaff0 .param/l "i" 0 3 11, +C4<00>;
L_0x5609460a5720 .functor AND 1, L_0x5609460f95d0, L_0x5609460f96c0, C4<1>, C4<1>;
v0x5609460a7a30_0 .net *"_s0", 0 0, L_0x5609460f95d0;  1 drivers
v0x5609460a6e80_0 .net *"_s1", 0 0, L_0x5609460f96c0;  1 drivers
S_0x5609460e3720 .scope generate, "genblk1[1]" "genblk1[1]" 3 11, 3 11 0, S_0x5609460924c0;
 .timescale 0 0;
P_0x5609460a69d0 .param/l "i" 0 3 11, +C4<01>;
L_0x5609460a62d0 .functor AND 1, L_0x5609460f9800, L_0x5609460f98f0, C4<1>, C4<1>;
v0x5609460a0550_0 .net *"_s0", 0 0, L_0x5609460f9800;  1 drivers
v0x560946096d60_0 .net *"_s1", 0 0, L_0x5609460f98f0;  1 drivers
S_0x5609460e39d0 .scope generate, "genblk1[2]" "genblk1[2]" 3 11, 3 11 0, S_0x5609460924c0;
 .timescale 0 0;
P_0x5609460a8130 .param/l "i" 0 3 11, +C4<010>;
L_0x5609460f9a10 .functor AND 1, L_0x5609460f9a80, L_0x5609460f9b70, C4<1>, C4<1>;
v0x5609460961b0_0 .net *"_s0", 0 0, L_0x5609460f9a80;  1 drivers
v0x560946095620_0 .net *"_s1", 0 0, L_0x5609460f9b70;  1 drivers
S_0x5609460e3c60 .scope generate, "genblk1[3]" "genblk1[3]" 3 11, 3 11 0, S_0x5609460924c0;
 .timescale 0 0;
P_0x5609460a9890 .param/l "i" 0 3 11, +C4<011>;
L_0x5609460f9ce0 .functor AND 1, L_0x5609460f9d50, L_0x5609460f9df0, C4<1>, C4<1>;
v0x5609460905a0_0 .net *"_s0", 0 0, L_0x5609460f9d50;  1 drivers
v0x5609460e3ed0_0 .net *"_s1", 0 0, L_0x5609460f9df0;  1 drivers
S_0x5609460e3fb0 .scope generate, "genblk1[4]" "genblk1[4]" 3 11, 3 11 0, S_0x5609460924c0;
 .timescale 0 0;
P_0x5609460e41a0 .param/l "i" 0 3 11, +C4<0100>;
L_0x5609460f9f30 .functor AND 1, L_0x5609460f9fd0, L_0x5609460fa0c0, C4<1>, C4<1>;
v0x5609460e4280_0 .net *"_s0", 0 0, L_0x5609460f9fd0;  1 drivers
v0x5609460e4360_0 .net *"_s1", 0 0, L_0x5609460fa0c0;  1 drivers
S_0x5609460e4440 .scope generate, "genblk1[5]" "genblk1[5]" 3 11, 3 11 0, S_0x5609460924c0;
 .timescale 0 0;
P_0x5609460e4630 .param/l "i" 0 3 11, +C4<0101>;
L_0x5609460fa210 .functor AND 1, L_0x5609460fa2b0, L_0x5609460fa350, C4<1>, C4<1>;
v0x5609460e4710_0 .net *"_s0", 0 0, L_0x5609460fa2b0;  1 drivers
v0x5609460e47f0_0 .net *"_s1", 0 0, L_0x5609460fa350;  1 drivers
S_0x5609460e48d0 .scope generate, "genblk1[6]" "genblk1[6]" 3 11, 3 11 0, S_0x5609460924c0;
 .timescale 0 0;
P_0x5609460e4ac0 .param/l "i" 0 3 11, +C4<0110>;
L_0x5609460fa4b0 .functor AND 1, L_0x5609460fa550, L_0x5609460fa640, C4<1>, C4<1>;
v0x5609460e4ba0_0 .net *"_s0", 0 0, L_0x5609460fa550;  1 drivers
v0x5609460e4c80_0 .net *"_s1", 0 0, L_0x5609460fa640;  1 drivers
S_0x5609460e4d60 .scope generate, "genblk1[7]" "genblk1[7]" 3 11, 3 11 0, S_0x5609460924c0;
 .timescale 0 0;
P_0x5609460e4f50 .param/l "i" 0 3 11, +C4<0111>;
L_0x5609460fa440 .functor AND 1, L_0x5609460fa7e0, L_0x5609460fa8d0, C4<1>, C4<1>;
v0x5609460e5030_0 .net *"_s0", 0 0, L_0x5609460fa7e0;  1 drivers
v0x5609460e5110_0 .net *"_s1", 0 0, L_0x5609460fa8d0;  1 drivers
S_0x5609460e51f0 .scope generate, "genblk1[8]" "genblk1[8]" 3 11, 3 11 0, S_0x5609460924c0;
 .timescale 0 0;
P_0x5609460e4150 .param/l "i" 0 3 11, +C4<01000>;
L_0x5609460faa50 .functor AND 1, L_0x5609460faaf0, L_0x5609460fabe0, C4<1>, C4<1>;
v0x5609460e5470_0 .net *"_s0", 0 0, L_0x5609460faaf0;  1 drivers
v0x5609460e5550_0 .net *"_s1", 0 0, L_0x5609460fabe0;  1 drivers
S_0x5609460e5630 .scope generate, "genblk1[9]" "genblk1[9]" 3 11, 3 11 0, S_0x5609460924c0;
 .timescale 0 0;
P_0x5609460e5820 .param/l "i" 0 3 11, +C4<01001>;
L_0x5609460fad70 .functor AND 1, L_0x5609460fae10, L_0x5609460faf00, C4<1>, C4<1>;
v0x5609460e5900_0 .net *"_s0", 0 0, L_0x5609460fae10;  1 drivers
v0x5609460e59e0_0 .net *"_s1", 0 0, L_0x5609460faf00;  1 drivers
S_0x5609460e5ac0 .scope generate, "genblk1[10]" "genblk1[10]" 3 11, 3 11 0, S_0x5609460924c0;
 .timescale 0 0;
P_0x5609460e5cb0 .param/l "i" 0 3 11, +C4<01010>;
L_0x5609460fb0a0 .functor AND 1, L_0x5609460facd0, L_0x5609460fb190, C4<1>, C4<1>;
v0x5609460e5d90_0 .net *"_s0", 0 0, L_0x5609460facd0;  1 drivers
v0x5609460e5e70_0 .net *"_s1", 0 0, L_0x5609460fb190;  1 drivers
S_0x5609460e5f50 .scope generate, "genblk1[11]" "genblk1[11]" 3 11, 3 11 0, S_0x5609460924c0;
 .timescale 0 0;
P_0x5609460e6140 .param/l "i" 0 3 11, +C4<01011>;
L_0x5609460fb340 .functor AND 1, L_0x5609460fb3e0, L_0x5609460fb4d0, C4<1>, C4<1>;
v0x5609460e6220_0 .net *"_s0", 0 0, L_0x5609460fb3e0;  1 drivers
v0x5609460e6300_0 .net *"_s1", 0 0, L_0x5609460fb4d0;  1 drivers
S_0x5609460e63e0 .scope generate, "genblk1[12]" "genblk1[12]" 3 11, 3 11 0, S_0x5609460924c0;
 .timescale 0 0;
P_0x5609460e65d0 .param/l "i" 0 3 11, +C4<01100>;
L_0x5609460fb690 .functor AND 1, L_0x5609460fb730, L_0x5609460fb820, C4<1>, C4<1>;
v0x5609460e66b0_0 .net *"_s0", 0 0, L_0x5609460fb730;  1 drivers
v0x5609460e6790_0 .net *"_s1", 0 0, L_0x5609460fb820;  1 drivers
S_0x5609460e6870 .scope generate, "genblk1[13]" "genblk1[13]" 3 11, 3 11 0, S_0x5609460924c0;
 .timescale 0 0;
P_0x5609460e6a60 .param/l "i" 0 3 11, +C4<01101>;
L_0x5609460fb9f0 .functor AND 1, L_0x5609460fba90, L_0x5609460fbb80, C4<1>, C4<1>;
v0x5609460e6b40_0 .net *"_s0", 0 0, L_0x5609460fba90;  1 drivers
v0x5609460e6c20_0 .net *"_s1", 0 0, L_0x5609460fbb80;  1 drivers
S_0x5609460e6d00 .scope generate, "genblk1[14]" "genblk1[14]" 3 11, 3 11 0, S_0x5609460924c0;
 .timescale 0 0;
P_0x5609460e6ef0 .param/l "i" 0 3 11, +C4<01110>;
L_0x5609460fbd60 .functor AND 1, L_0x5609460fbe00, L_0x5609460fbef0, C4<1>, C4<1>;
v0x5609460e6fd0_0 .net *"_s0", 0 0, L_0x5609460fbe00;  1 drivers
v0x5609460e70b0_0 .net *"_s1", 0 0, L_0x5609460fbef0;  1 drivers
S_0x5609460e7190 .scope generate, "genblk1[15]" "genblk1[15]" 3 11, 3 11 0, S_0x5609460924c0;
 .timescale 0 0;
P_0x5609460e7380 .param/l "i" 0 3 11, +C4<01111>;
L_0x5609460fc2f0 .functor AND 1, L_0x5609460fc390, L_0x5609460fc480, C4<1>, C4<1>;
v0x5609460e7460_0 .net *"_s0", 0 0, L_0x5609460fc390;  1 drivers
v0x5609460e7540_0 .net *"_s1", 0 0, L_0x5609460fc480;  1 drivers
S_0x5609460e7620 .scope generate, "genblk1[16]" "genblk1[16]" 3 11, 3 11 0, S_0x5609460924c0;
 .timescale 0 0;
P_0x5609460e7810 .param/l "i" 0 3 11, +C4<010000>;
L_0x5609460fc680 .functor AND 1, L_0x5609460fc720, L_0x5609460fc810, C4<1>, C4<1>;
v0x5609460e78f0_0 .net *"_s0", 0 0, L_0x5609460fc720;  1 drivers
v0x5609460e79d0_0 .net *"_s1", 0 0, L_0x5609460fc810;  1 drivers
S_0x5609460e7ab0 .scope generate, "genblk1[17]" "genblk1[17]" 3 11, 3 11 0, S_0x5609460924c0;
 .timescale 0 0;
P_0x5609460e7ca0 .param/l "i" 0 3 11, +C4<010001>;
L_0x5609460fca20 .functor AND 1, L_0x5609460fcac0, L_0x5609460fcbb0, C4<1>, C4<1>;
v0x5609460e7d80_0 .net *"_s0", 0 0, L_0x5609460fcac0;  1 drivers
v0x5609460e7e60_0 .net *"_s1", 0 0, L_0x5609460fcbb0;  1 drivers
S_0x5609460e7f40 .scope generate, "genblk1[18]" "genblk1[18]" 3 11, 3 11 0, S_0x5609460924c0;
 .timescale 0 0;
P_0x5609460e8130 .param/l "i" 0 3 11, +C4<010010>;
L_0x5609460fcdd0 .functor AND 1, L_0x5609460fce70, L_0x5609460fcf60, C4<1>, C4<1>;
v0x5609460e8210_0 .net *"_s0", 0 0, L_0x5609460fce70;  1 drivers
v0x5609460e82f0_0 .net *"_s1", 0 0, L_0x5609460fcf60;  1 drivers
S_0x5609460e83d0 .scope generate, "genblk1[19]" "genblk1[19]" 3 11, 3 11 0, S_0x5609460924c0;
 .timescale 0 0;
P_0x5609460e85c0 .param/l "i" 0 3 11, +C4<010011>;
L_0x5609460fd190 .functor AND 1, L_0x5609460fd230, L_0x5609460fd320, C4<1>, C4<1>;
v0x5609460e86a0_0 .net *"_s0", 0 0, L_0x5609460fd230;  1 drivers
v0x5609460e8780_0 .net *"_s1", 0 0, L_0x5609460fd320;  1 drivers
S_0x5609460e8860 .scope generate, "genblk1[20]" "genblk1[20]" 3 11, 3 11 0, S_0x5609460924c0;
 .timescale 0 0;
P_0x5609460e8a50 .param/l "i" 0 3 11, +C4<010100>;
L_0x5609460fd560 .functor AND 1, L_0x5609460fd600, L_0x5609460fd6f0, C4<1>, C4<1>;
v0x5609460e8b30_0 .net *"_s0", 0 0, L_0x5609460fd600;  1 drivers
v0x5609460e8c10_0 .net *"_s1", 0 0, L_0x5609460fd6f0;  1 drivers
S_0x5609460e8cf0 .scope generate, "genblk1[21]" "genblk1[21]" 3 11, 3 11 0, S_0x5609460924c0;
 .timescale 0 0;
P_0x5609460e8ee0 .param/l "i" 0 3 11, +C4<010101>;
L_0x5609460fd940 .functor AND 1, L_0x5609460fd9e0, L_0x5609460fdad0, C4<1>, C4<1>;
v0x5609460e8fc0_0 .net *"_s0", 0 0, L_0x5609460fd9e0;  1 drivers
v0x5609460e90a0_0 .net *"_s1", 0 0, L_0x5609460fdad0;  1 drivers
S_0x5609460e9180 .scope generate, "genblk1[22]" "genblk1[22]" 3 11, 3 11 0, S_0x5609460924c0;
 .timescale 0 0;
P_0x5609460e9370 .param/l "i" 0 3 11, +C4<010110>;
L_0x5609460fdd30 .functor AND 1, L_0x5609460fddd0, L_0x5609460fdec0, C4<1>, C4<1>;
v0x5609460e9450_0 .net *"_s0", 0 0, L_0x5609460fddd0;  1 drivers
v0x5609460e9530_0 .net *"_s1", 0 0, L_0x5609460fdec0;  1 drivers
S_0x5609460e9610 .scope generate, "genblk1[23]" "genblk1[23]" 3 11, 3 11 0, S_0x5609460924c0;
 .timescale 0 0;
P_0x5609460e9800 .param/l "i" 0 3 11, +C4<010111>;
L_0x5609460fe130 .functor AND 1, L_0x5609460fe1d0, L_0x5609460fe2c0, C4<1>, C4<1>;
v0x5609460e98e0_0 .net *"_s0", 0 0, L_0x5609460fe1d0;  1 drivers
v0x5609460e99c0_0 .net *"_s1", 0 0, L_0x5609460fe2c0;  1 drivers
S_0x5609460e9aa0 .scope generate, "genblk1[24]" "genblk1[24]" 3 11, 3 11 0, S_0x5609460924c0;
 .timescale 0 0;
P_0x5609460e9c90 .param/l "i" 0 3 11, +C4<011000>;
L_0x5609460fe540 .functor AND 1, L_0x5609460fe5e0, L_0x5609460fe6d0, C4<1>, C4<1>;
v0x5609460e9d70_0 .net *"_s0", 0 0, L_0x5609460fe5e0;  1 drivers
v0x5609460e9e50_0 .net *"_s1", 0 0, L_0x5609460fe6d0;  1 drivers
S_0x5609460e9f30 .scope generate, "genblk1[25]" "genblk1[25]" 3 11, 3 11 0, S_0x5609460924c0;
 .timescale 0 0;
P_0x5609460ea120 .param/l "i" 0 3 11, +C4<011001>;
L_0x5609460fe960 .functor AND 1, L_0x5609460fea00, L_0x5609460feaf0, C4<1>, C4<1>;
v0x5609460ea200_0 .net *"_s0", 0 0, L_0x5609460fea00;  1 drivers
v0x5609460ea2e0_0 .net *"_s1", 0 0, L_0x5609460feaf0;  1 drivers
S_0x5609460ea3c0 .scope generate, "genblk1[26]" "genblk1[26]" 3 11, 3 11 0, S_0x5609460924c0;
 .timescale 0 0;
P_0x5609460ea5b0 .param/l "i" 0 3 11, +C4<011010>;
L_0x5609460fed90 .functor AND 1, L_0x5609460fee30, L_0x5609460fef20, C4<1>, C4<1>;
v0x5609460ea690_0 .net *"_s0", 0 0, L_0x5609460fee30;  1 drivers
v0x5609460ea770_0 .net *"_s1", 0 0, L_0x5609460fef20;  1 drivers
S_0x5609460ea850 .scope generate, "genblk1[27]" "genblk1[27]" 3 11, 3 11 0, S_0x5609460924c0;
 .timescale 0 0;
P_0x5609460eaa40 .param/l "i" 0 3 11, +C4<011011>;
L_0x5609460ff1d0 .functor AND 1, L_0x5609460ff270, L_0x5609460ff360, C4<1>, C4<1>;
v0x5609460eab20_0 .net *"_s0", 0 0, L_0x5609460ff270;  1 drivers
v0x5609460eac00_0 .net *"_s1", 0 0, L_0x5609460ff360;  1 drivers
S_0x5609460eace0 .scope generate, "genblk1[28]" "genblk1[28]" 3 11, 3 11 0, S_0x5609460924c0;
 .timescale 0 0;
P_0x5609460eaed0 .param/l "i" 0 3 11, +C4<011100>;
L_0x5609460ff620 .functor AND 1, L_0x5609460ff6c0, L_0x5609460ff7b0, C4<1>, C4<1>;
v0x5609460eafb0_0 .net *"_s0", 0 0, L_0x5609460ff6c0;  1 drivers
v0x5609460eb090_0 .net *"_s1", 0 0, L_0x5609460ff7b0;  1 drivers
S_0x5609460eb170 .scope generate, "genblk1[29]" "genblk1[29]" 3 11, 3 11 0, S_0x5609460924c0;
 .timescale 0 0;
P_0x5609460eb360 .param/l "i" 0 3 11, +C4<011101>;
L_0x5609460ffa80 .functor AND 1, L_0x5609460ffb20, L_0x5609460ffc10, C4<1>, C4<1>;
v0x5609460eb440_0 .net *"_s0", 0 0, L_0x5609460ffb20;  1 drivers
v0x5609460eb520_0 .net *"_s1", 0 0, L_0x5609460ffc10;  1 drivers
S_0x5609460eb600 .scope generate, "genblk1[30]" "genblk1[30]" 3 11, 3 11 0, S_0x5609460924c0;
 .timescale 0 0;
P_0x5609460eb7f0 .param/l "i" 0 3 11, +C4<011110>;
L_0x5609460ffef0 .functor AND 1, L_0x5609460fff90, L_0x560946100490, C4<1>, C4<1>;
v0x5609460eb8d0_0 .net *"_s0", 0 0, L_0x5609460fff90;  1 drivers
v0x5609460eb9b0_0 .net *"_s1", 0 0, L_0x560946100490;  1 drivers
S_0x5609460eba90 .scope generate, "genblk1[31]" "genblk1[31]" 3 11, 3 11 0, S_0x5609460924c0;
 .timescale 0 0;
P_0x5609460ebc80 .param/l "i" 0 3 11, +C4<011111>;
L_0x560946100b90 .functor AND 1, L_0x560946100c30, L_0x560946100d20, C4<1>, C4<1>;
v0x5609460ebd60_0 .net *"_s0", 0 0, L_0x560946100c30;  1 drivers
v0x5609460ebe40_0 .net *"_s1", 0 0, L_0x560946100d20;  1 drivers
S_0x5609460ebf20 .scope generate, "genblk1[32]" "genblk1[32]" 3 11, 3 11 0, S_0x5609460924c0;
 .timescale 0 0;
P_0x5609460ec110 .param/l "i" 0 3 11, +C4<0100000>;
L_0x560946101020 .functor AND 1, L_0x5609461010c0, L_0x5609461011b0, C4<1>, C4<1>;
v0x5609460ec1d0_0 .net *"_s0", 0 0, L_0x5609461010c0;  1 drivers
v0x5609460ec2d0_0 .net *"_s1", 0 0, L_0x5609461011b0;  1 drivers
S_0x5609460ec3b0 .scope generate, "genblk1[33]" "genblk1[33]" 3 11, 3 11 0, S_0x5609460924c0;
 .timescale 0 0;
P_0x5609460ec5a0 .param/l "i" 0 3 11, +C4<0100001>;
L_0x5609461014c0 .functor AND 1, L_0x560946101560, L_0x560946101650, C4<1>, C4<1>;
v0x5609460ec660_0 .net *"_s0", 0 0, L_0x560946101560;  1 drivers
v0x5609460ec760_0 .net *"_s1", 0 0, L_0x560946101650;  1 drivers
S_0x5609460ec840 .scope generate, "genblk1[34]" "genblk1[34]" 3 11, 3 11 0, S_0x5609460924c0;
 .timescale 0 0;
P_0x5609460eca30 .param/l "i" 0 3 11, +C4<0100010>;
L_0x560946101970 .functor AND 1, L_0x560946101a10, L_0x560946101b00, C4<1>, C4<1>;
v0x5609460ecaf0_0 .net *"_s0", 0 0, L_0x560946101a10;  1 drivers
v0x5609460ecbf0_0 .net *"_s1", 0 0, L_0x560946101b00;  1 drivers
S_0x5609460eccd0 .scope generate, "genblk1[35]" "genblk1[35]" 3 11, 3 11 0, S_0x5609460924c0;
 .timescale 0 0;
P_0x5609460ecec0 .param/l "i" 0 3 11, +C4<0100011>;
L_0x560946101e30 .functor AND 1, L_0x560946101ed0, L_0x560946101fc0, C4<1>, C4<1>;
v0x5609460ecf80_0 .net *"_s0", 0 0, L_0x560946101ed0;  1 drivers
v0x5609460ed080_0 .net *"_s1", 0 0, L_0x560946101fc0;  1 drivers
S_0x5609460ed160 .scope generate, "genblk1[36]" "genblk1[36]" 3 11, 3 11 0, S_0x5609460924c0;
 .timescale 0 0;
P_0x5609460ed350 .param/l "i" 0 3 11, +C4<0100100>;
L_0x560946102300 .functor AND 1, L_0x5609461023a0, L_0x560946102490, C4<1>, C4<1>;
v0x5609460ed410_0 .net *"_s0", 0 0, L_0x5609461023a0;  1 drivers
v0x5609460ed510_0 .net *"_s1", 0 0, L_0x560946102490;  1 drivers
S_0x5609460ed5f0 .scope generate, "genblk1[37]" "genblk1[37]" 3 11, 3 11 0, S_0x5609460924c0;
 .timescale 0 0;
P_0x5609460ed7e0 .param/l "i" 0 3 11, +C4<0100101>;
L_0x5609461027e0 .functor AND 1, L_0x560946102880, L_0x560946102970, C4<1>, C4<1>;
v0x5609460ed8a0_0 .net *"_s0", 0 0, L_0x560946102880;  1 drivers
v0x5609460ed9a0_0 .net *"_s1", 0 0, L_0x560946102970;  1 drivers
S_0x5609460eda80 .scope generate, "genblk1[38]" "genblk1[38]" 3 11, 3 11 0, S_0x5609460924c0;
 .timescale 0 0;
P_0x5609460edc70 .param/l "i" 0 3 11, +C4<0100110>;
L_0x560946102cd0 .functor AND 1, L_0x560946102d70, L_0x560946102e60, C4<1>, C4<1>;
v0x5609460edd30_0 .net *"_s0", 0 0, L_0x560946102d70;  1 drivers
v0x5609460ede30_0 .net *"_s1", 0 0, L_0x560946102e60;  1 drivers
S_0x5609460edf10 .scope generate, "genblk1[39]" "genblk1[39]" 3 11, 3 11 0, S_0x5609460924c0;
 .timescale 0 0;
P_0x5609460ee100 .param/l "i" 0 3 11, +C4<0100111>;
L_0x5609461031d0 .functor AND 1, L_0x560946103270, L_0x560946103360, C4<1>, C4<1>;
v0x5609460ee1c0_0 .net *"_s0", 0 0, L_0x560946103270;  1 drivers
v0x5609460ee2c0_0 .net *"_s1", 0 0, L_0x560946103360;  1 drivers
S_0x5609460ee3a0 .scope generate, "genblk1[40]" "genblk1[40]" 3 11, 3 11 0, S_0x5609460924c0;
 .timescale 0 0;
P_0x5609460ee590 .param/l "i" 0 3 11, +C4<0101000>;
L_0x5609461036e0 .functor AND 1, L_0x560946103780, L_0x560946103870, C4<1>, C4<1>;
v0x5609460ee650_0 .net *"_s0", 0 0, L_0x560946103780;  1 drivers
v0x5609460ee750_0 .net *"_s1", 0 0, L_0x560946103870;  1 drivers
S_0x5609460ee830 .scope generate, "genblk1[41]" "genblk1[41]" 3 11, 3 11 0, S_0x5609460924c0;
 .timescale 0 0;
P_0x5609460eea20 .param/l "i" 0 3 11, +C4<0101001>;
L_0x560946103c00 .functor AND 1, L_0x560946103ca0, L_0x560946103d90, C4<1>, C4<1>;
v0x5609460eeae0_0 .net *"_s0", 0 0, L_0x560946103ca0;  1 drivers
v0x5609460eebe0_0 .net *"_s1", 0 0, L_0x560946103d90;  1 drivers
S_0x5609460eecc0 .scope generate, "genblk1[42]" "genblk1[42]" 3 11, 3 11 0, S_0x5609460924c0;
 .timescale 0 0;
P_0x5609460eeeb0 .param/l "i" 0 3 11, +C4<0101010>;
L_0x560946104130 .functor AND 1, L_0x5609461041d0, L_0x5609461042c0, C4<1>, C4<1>;
v0x5609460eef70_0 .net *"_s0", 0 0, L_0x5609461041d0;  1 drivers
v0x5609460ef070_0 .net *"_s1", 0 0, L_0x5609461042c0;  1 drivers
S_0x5609460ef150 .scope generate, "genblk1[43]" "genblk1[43]" 3 11, 3 11 0, S_0x5609460924c0;
 .timescale 0 0;
P_0x5609460ef340 .param/l "i" 0 3 11, +C4<0101011>;
L_0x560946104670 .functor AND 1, L_0x560946104710, L_0x560946104800, C4<1>, C4<1>;
v0x5609460ef400_0 .net *"_s0", 0 0, L_0x560946104710;  1 drivers
v0x5609460ef500_0 .net *"_s1", 0 0, L_0x560946104800;  1 drivers
S_0x5609460ef5e0 .scope generate, "genblk1[44]" "genblk1[44]" 3 11, 3 11 0, S_0x5609460924c0;
 .timescale 0 0;
P_0x5609460ef7d0 .param/l "i" 0 3 11, +C4<0101100>;
L_0x560946104bc0 .functor AND 1, L_0x560946104c60, L_0x560946104d50, C4<1>, C4<1>;
v0x5609460ef890_0 .net *"_s0", 0 0, L_0x560946104c60;  1 drivers
v0x5609460ef990_0 .net *"_s1", 0 0, L_0x560946104d50;  1 drivers
S_0x5609460efa70 .scope generate, "genblk1[45]" "genblk1[45]" 3 11, 3 11 0, S_0x5609460924c0;
 .timescale 0 0;
P_0x5609460efc60 .param/l "i" 0 3 11, +C4<0101101>;
L_0x560946105120 .functor AND 1, L_0x5609461051c0, L_0x5609461052b0, C4<1>, C4<1>;
v0x5609460efd20_0 .net *"_s0", 0 0, L_0x5609461051c0;  1 drivers
v0x5609460efe20_0 .net *"_s1", 0 0, L_0x5609461052b0;  1 drivers
S_0x5609460eff00 .scope generate, "genblk1[46]" "genblk1[46]" 3 11, 3 11 0, S_0x5609460924c0;
 .timescale 0 0;
P_0x5609460f00f0 .param/l "i" 0 3 11, +C4<0101110>;
L_0x560946105690 .functor AND 1, L_0x560946105730, L_0x560946105820, C4<1>, C4<1>;
v0x5609460f01b0_0 .net *"_s0", 0 0, L_0x560946105730;  1 drivers
v0x5609460f02b0_0 .net *"_s1", 0 0, L_0x560946105820;  1 drivers
S_0x5609460f0390 .scope generate, "genblk1[47]" "genblk1[47]" 3 11, 3 11 0, S_0x5609460924c0;
 .timescale 0 0;
P_0x5609460f0580 .param/l "i" 0 3 11, +C4<0101111>;
L_0x560946105c10 .functor AND 1, L_0x560946105cb0, L_0x560946105da0, C4<1>, C4<1>;
v0x5609460f0640_0 .net *"_s0", 0 0, L_0x560946105cb0;  1 drivers
v0x5609460f0740_0 .net *"_s1", 0 0, L_0x560946105da0;  1 drivers
S_0x5609460f0820 .scope generate, "genblk1[48]" "genblk1[48]" 3 11, 3 11 0, S_0x5609460924c0;
 .timescale 0 0;
P_0x5609460f0a10 .param/l "i" 0 3 11, +C4<0110000>;
L_0x5609461061a0 .functor AND 1, L_0x560946106240, L_0x560946106330, C4<1>, C4<1>;
v0x5609460f0ad0_0 .net *"_s0", 0 0, L_0x560946106240;  1 drivers
v0x5609460f0bd0_0 .net *"_s1", 0 0, L_0x560946106330;  1 drivers
S_0x5609460f0cb0 .scope generate, "genblk1[49]" "genblk1[49]" 3 11, 3 11 0, S_0x5609460924c0;
 .timescale 0 0;
P_0x5609460f0ea0 .param/l "i" 0 3 11, +C4<0110001>;
L_0x560946106740 .functor AND 1, L_0x5609461067e0, L_0x5609461068d0, C4<1>, C4<1>;
v0x5609460f0f60_0 .net *"_s0", 0 0, L_0x5609461067e0;  1 drivers
v0x5609460f1060_0 .net *"_s1", 0 0, L_0x5609461068d0;  1 drivers
S_0x5609460f1140 .scope generate, "genblk1[50]" "genblk1[50]" 3 11, 3 11 0, S_0x5609460924c0;
 .timescale 0 0;
P_0x5609460f1330 .param/l "i" 0 3 11, +C4<0110010>;
L_0x560946106cf0 .functor AND 1, L_0x560946106d90, L_0x560946106e80, C4<1>, C4<1>;
v0x5609460f13f0_0 .net *"_s0", 0 0, L_0x560946106d90;  1 drivers
v0x5609460f14f0_0 .net *"_s1", 0 0, L_0x560946106e80;  1 drivers
S_0x5609460f15d0 .scope generate, "genblk1[51]" "genblk1[51]" 3 11, 3 11 0, S_0x5609460924c0;
 .timescale 0 0;
P_0x5609460f17c0 .param/l "i" 0 3 11, +C4<0110011>;
L_0x5609461072b0 .functor AND 1, L_0x560946107350, L_0x560946107440, C4<1>, C4<1>;
v0x5609460f1880_0 .net *"_s0", 0 0, L_0x560946107350;  1 drivers
v0x5609460f1980_0 .net *"_s1", 0 0, L_0x560946107440;  1 drivers
S_0x5609460f1a60 .scope generate, "genblk1[52]" "genblk1[52]" 3 11, 3 11 0, S_0x5609460924c0;
 .timescale 0 0;
P_0x5609460f1c50 .param/l "i" 0 3 11, +C4<0110100>;
L_0x560946107880 .functor AND 1, L_0x560946107920, L_0x560946107a10, C4<1>, C4<1>;
v0x5609460f1d10_0 .net *"_s0", 0 0, L_0x560946107920;  1 drivers
v0x5609460f1e10_0 .net *"_s1", 0 0, L_0x560946107a10;  1 drivers
S_0x5609460f1ef0 .scope generate, "genblk1[53]" "genblk1[53]" 3 11, 3 11 0, S_0x5609460924c0;
 .timescale 0 0;
P_0x5609460f20e0 .param/l "i" 0 3 11, +C4<0110101>;
L_0x560946107e60 .functor AND 1, L_0x560946107f00, L_0x560946107ff0, C4<1>, C4<1>;
v0x5609460f21a0_0 .net *"_s0", 0 0, L_0x560946107f00;  1 drivers
v0x5609460f22a0_0 .net *"_s1", 0 0, L_0x560946107ff0;  1 drivers
S_0x5609460f2380 .scope generate, "genblk1[54]" "genblk1[54]" 3 11, 3 11 0, S_0x5609460924c0;
 .timescale 0 0;
P_0x5609460f2570 .param/l "i" 0 3 11, +C4<0110110>;
L_0x560946108450 .functor AND 1, L_0x5609461084f0, L_0x5609461085e0, C4<1>, C4<1>;
v0x5609460f2630_0 .net *"_s0", 0 0, L_0x5609461084f0;  1 drivers
v0x5609460f2730_0 .net *"_s1", 0 0, L_0x5609461085e0;  1 drivers
S_0x5609460f2810 .scope generate, "genblk1[55]" "genblk1[55]" 3 11, 3 11 0, S_0x5609460924c0;
 .timescale 0 0;
P_0x5609460f2a00 .param/l "i" 0 3 11, +C4<0110111>;
L_0x560946108a50 .functor AND 1, L_0x560946108af0, L_0x560946108be0, C4<1>, C4<1>;
v0x5609460f2ac0_0 .net *"_s0", 0 0, L_0x560946108af0;  1 drivers
v0x5609460f2bc0_0 .net *"_s1", 0 0, L_0x560946108be0;  1 drivers
S_0x5609460f2ca0 .scope generate, "genblk1[56]" "genblk1[56]" 3 11, 3 11 0, S_0x5609460924c0;
 .timescale 0 0;
P_0x5609460f2e90 .param/l "i" 0 3 11, +C4<0111000>;
L_0x560946109060 .functor AND 1, L_0x560946109100, L_0x5609461091f0, C4<1>, C4<1>;
v0x5609460f2f50_0 .net *"_s0", 0 0, L_0x560946109100;  1 drivers
v0x5609460f3050_0 .net *"_s1", 0 0, L_0x5609461091f0;  1 drivers
S_0x5609460f3130 .scope generate, "genblk1[57]" "genblk1[57]" 3 11, 3 11 0, S_0x5609460924c0;
 .timescale 0 0;
P_0x5609460f3320 .param/l "i" 0 3 11, +C4<0111001>;
L_0x560946109680 .functor AND 1, L_0x560946109720, L_0x560946109810, C4<1>, C4<1>;
v0x5609460f33e0_0 .net *"_s0", 0 0, L_0x560946109720;  1 drivers
v0x5609460f34e0_0 .net *"_s1", 0 0, L_0x560946109810;  1 drivers
S_0x5609460f35c0 .scope generate, "genblk1[58]" "genblk1[58]" 3 11, 3 11 0, S_0x5609460924c0;
 .timescale 0 0;
P_0x5609460f37b0 .param/l "i" 0 3 11, +C4<0111010>;
L_0x560946109cb0 .functor AND 1, L_0x560946109d50, L_0x560946109e40, C4<1>, C4<1>;
v0x5609460f3870_0 .net *"_s0", 0 0, L_0x560946109d50;  1 drivers
v0x5609460f3970_0 .net *"_s1", 0 0, L_0x560946109e40;  1 drivers
S_0x5609460f3a50 .scope generate, "genblk1[59]" "genblk1[59]" 3 11, 3 11 0, S_0x5609460924c0;
 .timescale 0 0;
P_0x5609460f3c40 .param/l "i" 0 3 11, +C4<0111011>;
L_0x56094610a2f0 .functor AND 1, L_0x56094610a390, L_0x56094610a480, C4<1>, C4<1>;
v0x5609460f3d00_0 .net *"_s0", 0 0, L_0x56094610a390;  1 drivers
v0x5609460f3e00_0 .net *"_s1", 0 0, L_0x56094610a480;  1 drivers
S_0x5609460f3ee0 .scope generate, "genblk1[60]" "genblk1[60]" 3 11, 3 11 0, S_0x5609460924c0;
 .timescale 0 0;
P_0x5609460f40d0 .param/l "i" 0 3 11, +C4<0111100>;
L_0x56094610a940 .functor AND 1, L_0x56094610a9e0, L_0x56094610aad0, C4<1>, C4<1>;
v0x5609460f4190_0 .net *"_s0", 0 0, L_0x56094610a9e0;  1 drivers
v0x5609460f4290_0 .net *"_s1", 0 0, L_0x56094610aad0;  1 drivers
S_0x5609460f4370 .scope generate, "genblk1[61]" "genblk1[61]" 3 11, 3 11 0, S_0x5609460924c0;
 .timescale 0 0;
P_0x5609460f4560 .param/l "i" 0 3 11, +C4<0111101>;
L_0x56094610afa0 .functor AND 1, L_0x56094610b040, L_0x56094610b130, C4<1>, C4<1>;
v0x5609460f4620_0 .net *"_s0", 0 0, L_0x56094610b040;  1 drivers
v0x5609460f4720_0 .net *"_s1", 0 0, L_0x56094610b130;  1 drivers
S_0x5609460f4800 .scope generate, "genblk1[62]" "genblk1[62]" 3 11, 3 11 0, S_0x5609460924c0;
 .timescale 0 0;
P_0x5609460f49f0 .param/l "i" 0 3 11, +C4<0111110>;
L_0x56094610b610 .functor AND 1, L_0x56094610b6b0, L_0x56094610bfb0, C4<1>, C4<1>;
v0x5609460f4ab0_0 .net *"_s0", 0 0, L_0x56094610b6b0;  1 drivers
v0x5609460f4bb0_0 .net *"_s1", 0 0, L_0x56094610bfb0;  1 drivers
S_0x5609460f4c90 .scope generate, "genblk1[63]" "genblk1[63]" 3 11, 3 11 0, S_0x5609460924c0;
 .timescale 0 0;
P_0x5609460f4e80 .param/l "i" 0 3 11, +C4<0111111>;
L_0x56094610e150 .functor AND 1, L_0x56094610e210, L_0x56094610e710, C4<1>, C4<1>;
v0x5609460f4f40_0 .net *"_s0", 0 0, L_0x56094610e210;  1 drivers
v0x5609460f5040_0 .net *"_s1", 0 0, L_0x56094610e710;  1 drivers
    .scope S_0x5609460c4570;
T_0 ;
    %vpi_call 2 11 "$dumpfile", "bit64and_test.vcd" {0 0 0};
    %vpi_call 2 12 "$dumpvars", 32'sb00000000000000000000000000000000, S_0x5609460c4570 {0 0 0};
    %pushi/vec4 4042322160, 0, 32;
    %concati/vec4 4042322164, 0, 32;
    %store/vec4 v0x5609460f92b0_0, 0, 64;
    %pushi/vec4 3435973836, 0, 32;
    %concati/vec4 3435973829, 0, 32;
    %store/vec4 v0x5609460f9370_0, 0, 64;
    %vpi_call 2 19 "$monitor", "\012 a \011= %b = %d\012 b \011= %b = %d\012 bitand = %b = %d\012", v0x5609460f92b0_0, v0x5609460f92b0_0, v0x5609460f9370_0, v0x5609460f9370_0, v0x5609460f9440_0, v0x5609460f9440_0 {0 0 0};
    %delay 5, 0;
    %pushi/vec4 2780759835, 0, 36;
    %concati/vec4 119835367, 0, 28;
    %store/vec4 v0x5609460f92b0_0, 0, 64;
    %pushi/vec4 4090926448, 0, 32;
    %concati/vec4 2362647720, 0, 32;
    %store/vec4 v0x5609460f9370_0, 0, 64;
    %vpi_call 2 27 "$monitor", " a \011= %b = %d\012 b \011= %b = %d\012 bitand = %b = %d\012", v0x5609460f92b0_0, v0x5609460f92b0_0, v0x5609460f9370_0, v0x5609460f9370_0, v0x5609460f9440_0, v0x5609460f9440_0 {0 0 0};
    %delay 5, 0;
    %end;
    .thread T_0;
# The file index is used to find the file name in the following table.
:file_names 4;
    "N/A";
    "<interactive>";
    "bit64and_test.v";
    "bit64and.v";
