#! /usr/bin/vvp
:ivl_version "10.3 (stable)";
:ivl_delay_selection "TYPICAL";
:vpi_time_precision + 0;
:vpi_module "system";
:vpi_module "vhdl_sys";
:vpi_module "v2005_math";
:vpi_module "va_math";
S_0x7fffbd2ecc60 .scope module, "decodesupertb" "decodesupertb" 2 1;
 .timescale 0 0;
v0x7fffbd31dc50_0 .var "clk", 0 0;
v0x7fffbd31dd10_0 .var "cnd", 0 0;
v0x7fffbd31dde0_0 .net "dstE", 3 0, v0x7fffbd31c060_0;  1 drivers
v0x7fffbd31deb0_0 .net "dstM", 3 0, v0x7fffbd31c120_0;  1 drivers
v0x7fffbd31dfa0_0 .var "icode", 3 0;
v0x7fffbd31e090_0 .var "rA", 3 0;
v0x7fffbd31e130_0 .var "rB", 3 0;
v0x7fffbd31e1d0_0 .net "srcA", 3 0, v0x7fffbd31c4f0_0;  1 drivers
v0x7fffbd31e2c0_0 .net "srcB", 3 0, v0x7fffbd31c5d0_0;  1 drivers
v0x7fffbd31e380_0 .net "valA", 63 0, L_0x7fffbd32ea20;  1 drivers
v0x7fffbd31e440_0 .net "valB", 63 0, L_0x7fffbd32efd0;  1 drivers
v0x7fffbd31e4e0_0 .var "valE", 63 0;
v0x7fffbd31e5b0_0 .var "valM", 63 0;
S_0x7fffbd2ecde0 .scope module, "DUT1" "decodetask" 2 26, 3 1 0, S_0x7fffbd2ecc60;
 .timescale 0 0;
    .port_info 0 /OUTPUT 4 "dstE"
    .port_info 1 /OUTPUT 4 "dstM"
    .port_info 2 /OUTPUT 4 "srcA"
    .port_info 3 /OUTPUT 4 "srcB"
    .port_info 4 /INPUT 1 "cnd"
    .port_info 5 /INPUT 4 "icode"
    .port_info 6 /INPUT 4 "rA"
    .port_info 7 /INPUT 4 "rB"
    .port_info 8 /INPUT 1 "clk"
v0x7fffbd2dbcd0_0 .net "clk", 0 0, v0x7fffbd31dc50_0;  1 drivers
v0x7fffbd2dbd70_0 .net "cnd", 0 0, v0x7fffbd31dd10_0;  1 drivers
v0x7fffbd31c060_0 .var "dstE", 3 0;
v0x7fffbd31c120_0 .var "dstM", 3 0;
v0x7fffbd31c200_0 .net "icode", 3 0, v0x7fffbd31dfa0_0;  1 drivers
v0x7fffbd31c330_0 .net "rA", 3 0, v0x7fffbd31e090_0;  1 drivers
v0x7fffbd31c410_0 .net "rB", 3 0, v0x7fffbd31e130_0;  1 drivers
v0x7fffbd31c4f0_0 .var "srcA", 3 0;
v0x7fffbd31c5d0_0 .var "srcB", 3 0;
E_0x7fffbd2e2250 .event negedge, v0x7fffbd2dbcd0_0;
E_0x7fffbd2e2550 .event edge, v0x7fffbd31c200_0, v0x7fffbd31c330_0, v0x7fffbd31c410_0;
S_0x7fffbd31c7d0 .scope module, "DUT2" "regfile" 2 28, 4 1 0, S_0x7fffbd2ecc60;
 .timescale 0 0;
    .port_info 0 /OUTPUT 64 "valA"
    .port_info 1 /OUTPUT 64 "valB"
    .port_info 2 /INPUT 64 "valM"
    .port_info 3 /INPUT 64 "valE"
    .port_info 4 /INPUT 4 "dstE"
    .port_info 5 /INPUT 4 "dstM"
    .port_info 6 /INPUT 4 "srcA"
    .port_info 7 /INPUT 4 "srcB"
L_0x7fe615ed0018 .functor BUFT 1, C4<1111>, C4<0>, C4<0>, C4<0>;
v0x7fffbd31ca00_0 .net/2u *"_s0", 3 0, L_0x7fe615ed0018;  1 drivers
L_0x7fe615ed00a8 .functor BUFT 1, C4<00>, C4<0>, C4<0>, C4<0>;
v0x7fffbd31cb00_0 .net *"_s11", 1 0, L_0x7fe615ed00a8;  1 drivers
L_0x7fe615ed00f0 .functor BUFT 1, C4<1111>, C4<0>, C4<0>, C4<0>;
v0x7fffbd31cbe0_0 .net/2u *"_s14", 3 0, L_0x7fe615ed00f0;  1 drivers
v0x7fffbd31cca0_0 .net *"_s16", 0 0, L_0x7fffbd32ec30;  1 drivers
L_0x7fe615ed0138 .functor BUFT 1, C4<0000000000000000000000000000000000000000000000000000000000000000>, C4<0>, C4<0>, C4<0>;
v0x7fffbd31cd60_0 .net/2u *"_s18", 63 0, L_0x7fe615ed0138;  1 drivers
v0x7fffbd31ce90_0 .net *"_s2", 0 0, L_0x7fffbd31e6b0;  1 drivers
v0x7fffbd31cf50_0 .net *"_s20", 63 0, L_0x7fffbd32ed70;  1 drivers
v0x7fffbd31d030_0 .net *"_s22", 5 0, L_0x7fffbd32ee50;  1 drivers
L_0x7fe615ed0180 .functor BUFT 1, C4<00>, C4<0>, C4<0>, C4<0>;
v0x7fffbd31d110_0 .net *"_s25", 1 0, L_0x7fe615ed0180;  1 drivers
L_0x7fe615ed0060 .functor BUFT 1, C4<0000000000000000000000000000000000000000000000000000000000000000>, C4<0>, C4<0>, C4<0>;
v0x7fffbd31d1f0_0 .net/2u *"_s4", 63 0, L_0x7fe615ed0060;  1 drivers
v0x7fffbd31d2d0_0 .net *"_s6", 63 0, L_0x7fffbd32e830;  1 drivers
v0x7fffbd31d3b0_0 .net *"_s8", 5 0, L_0x7fffbd32e930;  1 drivers
v0x7fffbd31d490_0 .net "dstE", 3 0, v0x7fffbd31c060_0;  alias, 1 drivers
v0x7fffbd31d550_0 .net "dstM", 3 0, v0x7fffbd31c120_0;  alias, 1 drivers
v0x7fffbd31d5f0 .array "file", 0 14, 63 0;
v0x7fffbd31d690_0 .net "srcA", 3 0, v0x7fffbd31c4f0_0;  alias, 1 drivers
v0x7fffbd31d750_0 .net "srcB", 3 0, v0x7fffbd31c5d0_0;  alias, 1 drivers
v0x7fffbd31d7f0_0 .net/s "valA", 63 0, L_0x7fffbd32ea20;  alias, 1 drivers
v0x7fffbd31d8b0_0 .net/s "valB", 63 0, L_0x7fffbd32efd0;  alias, 1 drivers
v0x7fffbd31d990_0 .net/s "valE", 63 0, v0x7fffbd31e4e0_0;  1 drivers
v0x7fffbd31da70_0 .net/s "valM", 63 0, v0x7fffbd31e5b0_0;  1 drivers
E_0x7fffbd2e2850 .event edge, v0x7fffbd31c120_0;
E_0x7fffbd2f8ef0 .event edge, v0x7fffbd31c060_0;
L_0x7fffbd31e6b0 .cmp/eq 4, v0x7fffbd31c4f0_0, L_0x7fe615ed0018;
L_0x7fffbd32e830 .array/port v0x7fffbd31d5f0, L_0x7fffbd32e930;
L_0x7fffbd32e930 .concat [ 4 2 0 0], v0x7fffbd31c4f0_0, L_0x7fe615ed00a8;
L_0x7fffbd32ea20 .functor MUXZ 64, L_0x7fffbd32e830, L_0x7fe615ed0060, L_0x7fffbd31e6b0, C4<>;
L_0x7fffbd32ec30 .cmp/eq 4, v0x7fffbd31c5d0_0, L_0x7fe615ed00f0;
L_0x7fffbd32ed70 .array/port v0x7fffbd31d5f0, L_0x7fffbd32ee50;
L_0x7fffbd32ee50 .concat [ 4 2 0 0], v0x7fffbd31c5d0_0, L_0x7fe615ed0180;
L_0x7fffbd32efd0 .functor MUXZ 64, L_0x7fffbd32ed70, L_0x7fe615ed0138, L_0x7fffbd32ec30, C4<>;
    .scope S_0x7fffbd2ecde0;
T_0 ;
    %wait E_0x7fffbd2e2550;
    %load/vec4 v0x7fffbd31c200_0;
    %cmpi/e 2, 0, 4;
    %flag_mov 8, 4;
    %load/vec4 v0x7fffbd31c200_0;
    %cmpi/e 4, 0, 4;
    %flag_or 4, 8;
    %flag_mov 8, 4;
    %load/vec4 v0x7fffbd31c200_0;
    %cmpi/e 6, 0, 4;
    %flag_or 4, 8;
    %flag_mov 8, 4;
    %load/vec4 v0x7fffbd31c200_0;
    %cmpi/e 10, 0, 4;
    %flag_or 4, 8;
    %flag_mov 8, 4;
    %jmp/0 T_0.0, 8;
    %load/vec4 v0x7fffbd31c330_0;
    %jmp/1 T_0.1, 8;
T_0.0 ; End of true expr.
    %load/vec4 v0x7fffbd31c200_0;
    %cmpi/e 9, 0, 4;
    %flag_mov 9, 4;
    %load/vec4 v0x7fffbd31c200_0;
    %cmpi/e 11, 0, 4;
    %flag_or 4, 9;
    %flag_mov 9, 4;
    %jmp/0 T_0.2, 9;
    %pushi/vec4 4, 0, 4;
    %jmp/1 T_0.3, 9;
T_0.2 ; End of true expr.
    %pushi/vec4 15, 0, 4;
    %jmp/0 T_0.3, 9;
 ; End of false expr.
    %blend;
T_0.3;
    %jmp/0 T_0.1, 8;
 ; End of false expr.
    %blend;
T_0.1;
    %assign/vec4 v0x7fffbd31c4f0_0, 0;
    %load/vec4 v0x7fffbd31c200_0;
    %cmpi/e 6, 0, 4;
    %flag_mov 8, 4;
    %load/vec4 v0x7fffbd31c200_0;
    %cmpi/e 5, 0, 4;
    %flag_or 4, 8;
    %flag_mov 8, 4;
    %load/vec4 v0x7fffbd31c200_0;
    %cmpi/e 4, 0, 4;
    %flag_or 4, 8;
    %flag_mov 8, 4;
    %jmp/0 T_0.4, 8;
    %load/vec4 v0x7fffbd31c410_0;
    %jmp/1 T_0.5, 8;
T_0.4 ; End of true expr.
    %load/vec4 v0x7fffbd31c200_0;
    %cmpi/e 10, 0, 4;
    %flag_mov 9, 4;
    %load/vec4 v0x7fffbd31c200_0;
    %cmpi/e 11, 0, 4;
    %flag_or 4, 9;
    %flag_mov 9, 4;
    %load/vec4 v0x7fffbd31c200_0;
    %cmpi/e 8, 0, 4;
    %flag_or 4, 9;
    %flag_mov 9, 4;
    %load/vec4 v0x7fffbd31c200_0;
    %cmpi/e 9, 0, 4;
    %flag_or 4, 9;
    %flag_mov 9, 4;
    %jmp/0 T_0.6, 9;
    %pushi/vec4 4, 0, 4;
    %jmp/1 T_0.7, 9;
T_0.6 ; End of true expr.
    %pushi/vec4 15, 0, 4;
    %jmp/0 T_0.7, 9;
 ; End of false expr.
    %blend;
T_0.7;
    %jmp/0 T_0.5, 8;
 ; End of false expr.
    %blend;
T_0.5;
    %assign/vec4 v0x7fffbd31c5d0_0, 0;
    %jmp T_0;
    .thread T_0, $push;
    .scope S_0x7fffbd2ecde0;
T_1 ;
    %wait E_0x7fffbd2e2250;
    %load/vec4 v0x7fffbd31c200_0;
    %cmpi/e 2, 0, 4;
    %flag_mov 8, 4;
    %jmp/0 T_1.0, 8;
    %load/vec4 v0x7fffbd2dbd70_0;
    %cmpi/e 0, 0, 1;
    %flag_mov 9, 4;
    %jmp/0 T_1.2, 9;
    %pushi/vec4 15, 0, 4;
    %jmp/1 T_1.3, 9;
T_1.2 ; End of true expr.
    %load/vec4 v0x7fffbd31c410_0;
    %jmp/0 T_1.3, 9;
 ; End of false expr.
    %blend;
T_1.3;
    %jmp/1 T_1.1, 8;
T_1.0 ; End of true expr.
    %load/vec4 v0x7fffbd31c200_0;
    %cmpi/e 3, 0, 4;
    %flag_mov 9, 4;
    %load/vec4 v0x7fffbd31c200_0;
    %cmpi/e 6, 0, 4;
    %flag_or 4, 9;
    %flag_mov 9, 4;
    %jmp/0 T_1.4, 9;
    %load/vec4 v0x7fffbd31c410_0;
    %jmp/1 T_1.5, 9;
T_1.4 ; End of true expr.
    %load/vec4 v0x7fffbd31c200_0;
    %cmpi/e 10, 0, 4;
    %flag_mov 10, 4;
    %load/vec4 v0x7fffbd31c200_0;
    %cmpi/e 11, 0, 4;
    %flag_or 4, 10;
    %flag_mov 10, 4;
    %load/vec4 v0x7fffbd31c200_0;
    %cmpi/e 8, 0, 4;
    %flag_or 4, 10;
    %flag_mov 10, 4;
    %load/vec4 v0x7fffbd31c200_0;
    %cmpi/e 9, 0, 4;
    %flag_or 4, 10;
    %flag_mov 10, 4;
    %jmp/0 T_1.6, 10;
    %pushi/vec4 4, 0, 4;
    %jmp/1 T_1.7, 10;
T_1.6 ; End of true expr.
    %pushi/vec4 15, 0, 4;
    %jmp/0 T_1.7, 10;
 ; End of false expr.
    %blend;
T_1.7;
    %jmp/0 T_1.5, 9;
 ; End of false expr.
    %blend;
T_1.5;
    %jmp/0 T_1.1, 8;
 ; End of false expr.
    %blend;
T_1.1;
    %assign/vec4 v0x7fffbd31c060_0, 0;
    %load/vec4 v0x7fffbd2dbd70_0;
    %cmpi/e 0, 0, 1;
    %jmp/0xz  T_1.8, 4;
    %vpi_call 3 40 "$display", "condition not satisfied , redirecting conditional action on register %h to empty slot ... ", v0x7fffbd31c060_0 {0 0 0};
T_1.8 ;
    %load/vec4 v0x7fffbd31c200_0;
    %cmpi/e 5, 0, 4;
    %flag_mov 8, 4;
    %load/vec4 v0x7fffbd31c200_0;
    %cmpi/e 11, 0, 4;
    %flag_or 4, 8;
    %flag_mov 8, 4;
    %jmp/0 T_1.10, 8;
    %load/vec4 v0x7fffbd31c330_0;
    %jmp/1 T_1.11, 8;
T_1.10 ; End of true expr.
    %pushi/vec4 15, 0, 4;
    %jmp/0 T_1.11, 8;
 ; End of false expr.
    %blend;
T_1.11;
    %assign/vec4 v0x7fffbd31c120_0, 0;
    %jmp T_1;
    .thread T_1;
    .scope S_0x7fffbd31c7d0;
T_2 ;
    %wait E_0x7fffbd2f8ef0;
    %load/vec4 v0x7fffbd31d490_0;
    %cmpi/u 15, 0, 4;
    %jmp/0xz  T_2.0, 5;
    %load/vec4 v0x7fffbd31d990_0;
    %load/vec4 v0x7fffbd31d490_0;
    %pad/u 6;
    %ix/vec4 3;
    %ix/load 4, 0, 0; Constant delay
    %assign/vec4/a/d v0x7fffbd31d5f0, 0, 4;
    %vpi_call 4 37 "$writememh", "reg_as_it_is.txt", v0x7fffbd31d5f0 {0 0 0};
    %vpi_call 4 38 "$display", "value %h is being inserted into register %h", v0x7fffbd31d990_0, v0x7fffbd31d490_0 {0 0 0};
T_2.0 ;
    %jmp T_2;
    .thread T_2, $push;
    .scope S_0x7fffbd31c7d0;
T_3 ;
    %wait E_0x7fffbd2e2850;
    %load/vec4 v0x7fffbd31d550_0;
    %cmpi/u 15, 0, 4;
    %jmp/0xz  T_3.0, 5;
    %load/vec4 v0x7fffbd31da70_0;
    %load/vec4 v0x7fffbd31d550_0;
    %pad/u 6;
    %ix/vec4 3;
    %ix/load 4, 0, 0; Constant delay
    %assign/vec4/a/d v0x7fffbd31d5f0, 0, 4;
    %vpi_call 4 50 "$writememh", "reg_as_it_is.txt", v0x7fffbd31d5f0 {0 0 0};
    %vpi_call 4 51 "$display", "value %h is being inserted into register %h", v0x7fffbd31da70_0, v0x7fffbd31d550_0 {0 0 0};
T_3.0 ;
    %jmp T_3;
    .thread T_3, $push;
    .scope S_0x7fffbd2ecc60;
T_4 ;
    %vpi_call 2 33 "$dumpfile", "decodesupertb.vcd" {0 0 0};
    %vpi_call 2 34 "$dumpvars", 32'sb00000000000000000000000000000000, S_0x7fffbd2ecde0 {0 0 0};
    %vpi_call 2 35 "$dumpvars", 32'sb00000000000000000000000000000000, S_0x7fffbd31c7d0 {0 0 0};
    %pushi/vec4 0, 0, 1;
    %store/vec4 v0x7fffbd31dc50_0, 0, 1;
    %vpi_call 2 40 "$display", "clk = %b\012", v0x7fffbd31dc50_0 {0 0 0};
    %pushi/vec4 3, 0, 4;
    %store/vec4 v0x7fffbd31dfa0_0, 0, 4;
    %pushi/vec4 15, 0, 4;
    %store/vec4 v0x7fffbd31e090_0, 0, 4;
    %pushi/vec4 1, 0, 4;
    %store/vec4 v0x7fffbd31e130_0, 0, 4;
    %pushi/vec4 1056, 0, 64;
    %store/vec4 v0x7fffbd31e4e0_0, 0, 64;
    %pushi/vec4 1, 0, 1;
    %store/vec4 v0x7fffbd31dd10_0, 0, 1;
    %delay 5, 0;
    %load/vec4 v0x7fffbd31dc50_0;
    %inv;
    %store/vec4 v0x7fffbd31dc50_0, 0, 1;
    %delay 5, 0;
    %vpi_call 2 50 "$display", "icode = %h , cnd = %b , valE = %h , valM = %h , valA = %h , valB = %h , dstE = %h , dstM = %h , srcA = %h , srcB = %h , \012clk = %b ", v0x7fffbd31dfa0_0, v0x7fffbd31dd10_0, v0x7fffbd31e4e0_0, v0x7fffbd31e5b0_0, v0x7fffbd31e380_0, v0x7fffbd31e440_0, v0x7fffbd31dde0_0, v0x7fffbd31deb0_0, v0x7fffbd31e1d0_0, v0x7fffbd31e2c0_0, v0x7fffbd31dc50_0 {0 0 0};
    %load/vec4 v0x7fffbd31dc50_0;
    %inv;
    %store/vec4 v0x7fffbd31dc50_0, 0, 1;
    %pushi/vec4 3, 0, 4;
    %store/vec4 v0x7fffbd31dfa0_0, 0, 4;
    %pushi/vec4 15, 0, 4;
    %store/vec4 v0x7fffbd31e090_0, 0, 4;
    %pushi/vec4 4, 0, 4;
    %store/vec4 v0x7fffbd31e130_0, 0, 4;
    %pushi/vec4 32, 0, 64;
    %store/vec4 v0x7fffbd31e4e0_0, 0, 64;
    %pushi/vec4 1, 0, 1;
    %store/vec4 v0x7fffbd31dd10_0, 0, 1;
    %delay 5, 0;
    %load/vec4 v0x7fffbd31dc50_0;
    %inv;
    %store/vec4 v0x7fffbd31dc50_0, 0, 1;
    %delay 5, 0;
    %vpi_call 2 62 "$display", "icode = %h , cnd = %b , valE = %h , valM = %h , valA = %h , valB = %h , dstE = %h , dstM = %h , srcA = %h , srcB = %h , \012clk = %b ", v0x7fffbd31dfa0_0, v0x7fffbd31dd10_0, v0x7fffbd31e4e0_0, v0x7fffbd31e5b0_0, v0x7fffbd31e380_0, v0x7fffbd31e440_0, v0x7fffbd31dde0_0, v0x7fffbd31deb0_0, v0x7fffbd31e1d0_0, v0x7fffbd31e2c0_0, v0x7fffbd31dc50_0 {0 0 0};
    %load/vec4 v0x7fffbd31dc50_0;
    %inv;
    %store/vec4 v0x7fffbd31dc50_0, 0, 1;
    %pushi/vec4 2, 0, 4;
    %store/vec4 v0x7fffbd31dfa0_0, 0, 4;
    %pushi/vec4 1, 0, 4;
    %store/vec4 v0x7fffbd31e090_0, 0, 4;
    %pushi/vec4 7, 0, 4;
    %store/vec4 v0x7fffbd31e130_0, 0, 4;
    %pushi/vec4 1056, 0, 64;
    %store/vec4 v0x7fffbd31e4e0_0, 0, 64;
    %pushi/vec4 1, 0, 1;
    %store/vec4 v0x7fffbd31dd10_0, 0, 1;
    %delay 5, 0;
    %load/vec4 v0x7fffbd31dc50_0;
    %inv;
    %store/vec4 v0x7fffbd31dc50_0, 0, 1;
    %delay 5, 0;
    %vpi_call 2 79 "$display", "icode = %h , cnd = %b , valE = %h , valM = %h , valA = %h , valB = %h , dstE = %h , dstM = %h , srcA = %h , srcB = %h , \012clk = %b ", v0x7fffbd31dfa0_0, v0x7fffbd31dd10_0, v0x7fffbd31e4e0_0, v0x7fffbd31e5b0_0, v0x7fffbd31e380_0, v0x7fffbd31e440_0, v0x7fffbd31dde0_0, v0x7fffbd31deb0_0, v0x7fffbd31e1d0_0, v0x7fffbd31e2c0_0, v0x7fffbd31dc50_0 {0 0 0};
    %load/vec4 v0x7fffbd31dc50_0;
    %inv;
    %store/vec4 v0x7fffbd31dc50_0, 0, 1;
    %pushi/vec4 2, 0, 4;
    %store/vec4 v0x7fffbd31dfa0_0, 0, 4;
    %pushi/vec4 7, 0, 4;
    %store/vec4 v0x7fffbd31e090_0, 0, 4;
    %pushi/vec4 6, 0, 4;
    %store/vec4 v0x7fffbd31e130_0, 0, 4;
    %pushi/vec4 1056, 0, 64;
    %store/vec4 v0x7fffbd31e4e0_0, 0, 64;
    %pushi/vec4 0, 0, 1;
    %store/vec4 v0x7fffbd31dd10_0, 0, 1;
    %delay 5, 0;
    %load/vec4 v0x7fffbd31dc50_0;
    %inv;
    %store/vec4 v0x7fffbd31dc50_0, 0, 1;
    %delay 5, 0;
    %vpi_call 2 93 "$display", "icode = %h , cnd = %b , valE = %h , valM = %h , valA = %h , valB = %h , dstE = %h , dstM = %h , srcA = %h , srcB = %h , \012clk = %b ", v0x7fffbd31dfa0_0, v0x7fffbd31dd10_0, v0x7fffbd31e4e0_0, v0x7fffbd31e5b0_0, v0x7fffbd31e380_0, v0x7fffbd31e440_0, v0x7fffbd31dde0_0, v0x7fffbd31deb0_0, v0x7fffbd31e1d0_0, v0x7fffbd31e2c0_0, v0x7fffbd31dc50_0 {0 0 0};
    %load/vec4 v0x7fffbd31dc50_0;
    %inv;
    %store/vec4 v0x7fffbd31dc50_0, 0, 1;
    %pushi/vec4 9, 0, 4;
    %store/vec4 v0x7fffbd31dfa0_0, 0, 4;
    %pushi/vec4 15, 0, 4;
    %store/vec4 v0x7fffbd31e090_0, 0, 4;
    %pushi/vec4 15, 0, 4;
    %store/vec4 v0x7fffbd31e130_0, 0, 4;
    %vpi_call 2 102 "$display", "here valB = %h ", v0x7fffbd31e440_0 {0 0 0};
    %pushi/vec4 40, 0, 64;
    %store/vec4 v0x7fffbd31e4e0_0, 0, 64;
    %pushi/vec4 1, 0, 1;
    %store/vec4 v0x7fffbd31dd10_0, 0, 1;
    %delay 5, 0;
    %load/vec4 v0x7fffbd31dc50_0;
    %inv;
    %store/vec4 v0x7fffbd31dc50_0, 0, 1;
    %delay 5, 0;
    %vpi_call 2 115 "$display", "icode = %h , cnd = %b , valE = %h , valM = %h , valA = %h , valB = %h , dstE = %h , dstM = %h , srcA = %h , srcB = %h , \012clk = %b ", v0x7fffbd31dfa0_0, v0x7fffbd31dd10_0, v0x7fffbd31e4e0_0, v0x7fffbd31e5b0_0, v0x7fffbd31e380_0, v0x7fffbd31e440_0, v0x7fffbd31dde0_0, v0x7fffbd31deb0_0, v0x7fffbd31e1d0_0, v0x7fffbd31e2c0_0, v0x7fffbd31dc50_0 {0 0 0};
    %end;
    .thread T_4;
# The file index is used to find the file name in the following table.
:file_names 5;
    "N/A";
    "<interactive>";
    "decodesupertb.v";
    "decodetask.v";
    "regfile.v";
